./calcSMAPE: line 109: error: - 98: syntax error in expression (error token is ": - 98")
error in runCycle for line 1. skipping.
./calcSMAPE: line 109: error: - 99: syntax error in expression (error token is ": - 99")
error in runCycle for line 2. skipping.
./calcSMAPE: line 109: error: - 99: syntax error in expression (error token is ": - 99")
error in runCycle for line 3. skipping.
./calcSMAPE: line 109: error: - 99: syntax error in expression (error token is ": - 99")
error in runCycle for line 4. skipping.
./calcSMAPE: line 109: error: - 99: syntax error in expression (error token is ": - 99")
error in runCycle for line 5. skipping.
./calcSMAPE: line 109: error: - 99: syntax error in expression (error token is ": - 99")
error in runCycle for line 6. skipping.
./calcSMAPE: line 109: error: - 99: syntax error in expression (error token is ": - 99")
error in runCycle for line 7. skipping.
./calcSMAPE: line 109: error: - 99: syntax error in expression (error token is ": - 99")
error in runCycle for line 8. skipping.
./calcSMAPE: line 109: error: - 99: syntax error in expression (error token is ": - 99")
error in runCycle for line 9. skipping.
./calcSMAPE: line 109: error: - 99: syntax error in expression (error token is ": - 99")
error in runCycle for line 10. skipping.
./calcSMAPE: line 109: error: - 98: syntax error in expression (error token is ": - 98")
error in runCycle for line 310. skipping.
./calcSMAPE: line 109: error: - 99: syntax error in expression (error token is ": - 99")
error in runCycle for line 311. skipping.
./calcSMAPE: line 109: error: - 99: syntax error in expression (error token is ": - 99")
error in runCycle for line 312. skipping.
./calcSMAPE: line 109: error: - 99: syntax error in expression (error token is ": - 99")
error in runCycle for line 313. skipping.
./calcSMAPE: line 109: error: - 99: syntax error in expression (error token is ": - 99")
error in runCycle for line 314. skipping.
./calcSMAPE: line 109: error: - 99: syntax error in expression (error token is ": - 99")
error in runCycle for line 315. skipping.
./calcSMAPE: line 109: error: - 99: syntax error in expression (error token is ": - 99")
error in runCycle for line 316. skipping.
./calcSMAPE: line 109: error: - 98: syntax error in expression (error token is ": - 98")
error in runCycle for line 317. skipping.
./calcSMAPE: line 109: error: - 97: syntax error in expression (error token is ": - 97")
error in runCycle for line 318. skipping.
./calcSMAPE: line 109: error: - 96: syntax error in expression (error token is ": - 96")
error in runCycle for line 319. skipping.
./calcSMAPE: line 109: error: - 99: syntax error in expression (error token is ": - 99")
error in runCycle for line 450. skipping.
./calcSMAPE: line 109: error: - 90: syntax error in expression (error token is ": - 90")
error in runCycle for line 451. skipping.
./calcSMAPE: line 109: error: - 93: syntax error in expression (error token is ": - 93")
error in runCycle for line 452. skipping.
./calcSMAPE: line 109: error: - 95: syntax error in expression (error token is ": - 95")
error in runCycle for line 453. skipping.
./calcSMAPE: line 109: error: - 97: syntax error in expression (error token is ": - 97")
error in runCycle for line 454. skipping.
./calcSMAPE: line 109: error: - 98: syntax error in expression (error token is ": - 98")
error in runCycle for line 455. skipping.
./calcSMAPE: line 109: error: - 99: syntax error in expression (error token is ": - 99")
error in runCycle for line 456. skipping.
./calcSMAPE: line 109: error: - 99: syntax error in expression (error token is ": - 99")
error in runCycle for line 457. skipping.
./calcSMAPE: line 109: error: - 99: syntax error in expression (error token is ": - 99")
error in runCycle for line 458. skipping.
./calcSMAPE: line 109: error: - 99: syntax error in expression (error token is ": - 99")
error in runCycle for line 459. skipping.
./calcSMAPE: line 109: error: - 86: syntax error in expression (error token is ": - 86")
error in runCycle for line 510. skipping.
./calcSMAPE: line 109: error: - 86: syntax error in expression (error token is ": - 86")
error in runCycle for line 511. skipping.
./calcSMAPE: line 109: error: - 90: syntax error in expression (error token is ": - 90")
error in runCycle for line 512. skipping.
./calcSMAPE: line 109: error: - 86: syntax error in expression (error token is ": - 86")
error in runCycle for line 513. skipping.
./calcSMAPE: line 109: error: - 93: syntax error in expression (error token is ": - 93")
error in runCycle for line 514. skipping.
./calcSMAPE: line 109: error: - 94: syntax error in expression (error token is ": - 94")
error in runCycle for line 515. skipping.
./calcSMAPE: line 109: error: - 94: syntax error in expression (error token is ": - 94")
error in runCycle for line 516. skipping.
./calcSMAPE: line 109: error: - 94: syntax error in expression (error token is ": - 94")
error in runCycle for line 517. skipping.
./calcSMAPE: line 109: error: - 94: syntax error in expression (error token is ": - 94")
error in runCycle for line 518. skipping.
./calcSMAPE: line 109: error: - 95: syntax error in expression (error token is ": - 95")
error in runCycle for line 519. skipping.
./calcSMAPE: line 109: error: - 79: syntax error in expression (error token is ": - 79")
error in runCycle for line 570. skipping.
./calcSMAPE: line 109: error: - 86: syntax error in expression (error token is ": - 86")
error in runCycle for line 571. skipping.
./calcSMAPE: line 109: error: - 87: syntax error in expression (error token is ": - 87")
error in runCycle for line 572. skipping.
./calcSMAPE: line 109: error: - 89: syntax error in expression (error token is ": - 89")
error in runCycle for line 573. skipping.
./calcSMAPE: line 109: error: - 89: syntax error in expression (error token is ": - 89")
error in runCycle for line 574. skipping.
./calcSMAPE: line 109: error: - 89: syntax error in expression (error token is ": - 89")
error in runCycle for line 575. skipping.
./calcSMAPE: line 109: error: - 90: syntax error in expression (error token is ": - 90")
error in runCycle for line 576. skipping.
./calcSMAPE: line 109: error: - 93: syntax error in expression (error token is ": - 93")
error in runCycle for line 577. skipping.
./calcSMAPE: line 109: error: - 94: syntax error in expression (error token is ": - 94")
error in runCycle for line 578. skipping.
./calcSMAPE: line 109: error: - 94: syntax error in expression (error token is ": - 94")
error in runCycle for line 579. skipping.
./calcSMAPE: line 109: error: - 70: syntax error in expression (error token is ": - 70")
error in runCycle for line 610. skipping.
./calcSMAPE: line 109: error: - 52: syntax error in expression (error token is ": - 52")
error in runCycle for line 611. skipping.
./calcSMAPE: line 109: error: - 55: syntax error in expression (error token is ": - 55")
error in runCycle for line 612. skipping.
./calcSMAPE: line 109: error: - 65: syntax error in expression (error token is ": - 65")
error in runCycle for line 613. skipping.
./calcSMAPE: line 109: error: - 63: syntax error in expression (error token is ": - 63")
error in runCycle for line 614. skipping.
./calcSMAPE: line 109: error: - 61: syntax error in expression (error token is ": - 61")
error in runCycle for line 615. skipping.
./calcSMAPE: line 109: error: - 73: syntax error in expression (error token is ": - 73")
error in runCycle for line 616. skipping.
./calcSMAPE: line 109: error: - 70: syntax error in expression (error token is ": - 70")
error in runCycle for line 617. skipping.
./calcSMAPE: line 109: error: - 66: syntax error in expression (error token is ": - 66")
error in runCycle for line 618. skipping.
./calcSMAPE: line 109: error: - 70: syntax error in expression (error token is ": - 70")
error in runCycle for line 619. skipping.
./calcSMAPE: line 109: error: - 78: syntax error in expression (error token is ": - 78")
error in runCycle for line 620. skipping.
./calcSMAPE: line 109: error: - 72: syntax error in expression (error token is ": - 72")
error in runCycle for line 640. skipping.
./calcSMAPE: line 109: error: - 71: syntax error in expression (error token is ": - 71")
error in runCycle for line 641. skipping.
./calcSMAPE: line 109: error: - 71: syntax error in expression (error token is ": - 71")
error in runCycle for line 642. skipping.
./calcSMAPE: line 109: error: - 67: syntax error in expression (error token is ": - 67")
error in runCycle for line 643. skipping.
./calcSMAPE: line 109: error: - 73: syntax error in expression (error token is ": - 73")
error in runCycle for line 644. skipping.
./calcSMAPE: line 109: error: - 70: syntax error in expression (error token is ": - 70")
error in runCycle for line 645. skipping.
./calcSMAPE: line 109: error: - 71: syntax error in expression (error token is ": - 71")
error in runCycle for line 646. skipping.
./calcSMAPE: line 109: error: - 79: syntax error in expression (error token is ": - 79")
error in runCycle for line 647. skipping.
./calcSMAPE: line 109: error: - 69: syntax error in expression (error token is ": - 69")
error in runCycle for line 648. skipping.
./calcSMAPE: line 109: error: - 75: syntax error in expression (error token is ": - 75")
error in runCycle for line 649. skipping.
./calcSMAPE: line 109: error: - 79: syntax error in expression (error token is ": - 79")
error in runCycle for line 670. skipping.
./calcSMAPE: line 109: error: - 76: syntax error in expression (error token is ": - 76")
error in runCycle for line 671. skipping.
./calcSMAPE: line 109: error: - 84: syntax error in expression (error token is ": - 84")
error in runCycle for line 672. skipping.
./calcSMAPE: line 109: error: - 84: syntax error in expression (error token is ": - 84")
error in runCycle for line 673. skipping.
./calcSMAPE: line 109: error: - 80: syntax error in expression (error token is ": - 80")
error in runCycle for line 674. skipping.
./calcSMAPE: line 109: error: - 82: syntax error in expression (error token is ": - 82")
error in runCycle for line 675. skipping.
./calcSMAPE: line 109: error: - 76: syntax error in expression (error token is ": - 76")
error in runCycle for line 676. skipping.
./calcSMAPE: line 109: error: - 71: syntax error in expression (error token is ": - 71")
error in runCycle for line 677. skipping.
./calcSMAPE: line 109: error: - 83: syntax error in expression (error token is ": - 83")
error in runCycle for line 678. skipping.
./calcSMAPE: line 109: error: - 77: syntax error in expression (error token is ": - 77")
error in runCycle for line 679. skipping.
./calcSMAPE: line 109: error: - 83: syntax error in expression (error token is ": - 83")
error in runCycle for line 710. skipping.
./calcSMAPE: line 109: error: - 75: syntax error in expression (error token is ": - 75")
error in runCycle for line 711. skipping.
./calcSMAPE: line 109: error: - 73: syntax error in expression (error token is ": - 73")
error in runCycle for line 712. skipping.
./calcSMAPE: line 109: error: - 74: syntax error in expression (error token is ": - 74")
error in runCycle for line 713. skipping.
./calcSMAPE: line 109: error: - 76: syntax error in expression (error token is ": - 76")
error in runCycle for line 714. skipping.
./calcSMAPE: line 109: error: - 79: syntax error in expression (error token is ": - 79")
error in runCycle for line 715. skipping.
./calcSMAPE: line 109: error: - 78: syntax error in expression (error token is ": - 78")
error in runCycle for line 716. skipping.
./calcSMAPE: line 109: error: - 77: syntax error in expression (error token is ": - 77")
error in runCycle for line 717. skipping.
./calcSMAPE: line 109: error: - 79: syntax error in expression (error token is ": - 79")
error in runCycle for line 718. skipping.
./calcSMAPE: line 109: error: - 80: syntax error in expression (error token is ": - 80")
error in runCycle for line 719. skipping.
./calcSMAPE: line 109: error: - 70: syntax error in expression (error token is ": - 70")
error in runCycle for line 740. skipping.
./calcSMAPE: line 109: error: - 77: syntax error in expression (error token is ": - 77")
error in runCycle for line 741. skipping.
./calcSMAPE: line 109: error: - 70: syntax error in expression (error token is ": - 70")
error in runCycle for line 742. skipping.
./calcSMAPE: line 109: error: - 79: syntax error in expression (error token is ": - 79")
error in runCycle for line 743. skipping.
./calcSMAPE: line 109: error: - 79: syntax error in expression (error token is ": - 79")
error in runCycle for line 744. skipping.
./calcSMAPE: line 109: error: - 71: syntax error in expression (error token is ": - 71")
error in runCycle for line 745. skipping.
./calcSMAPE: line 109: error: - 70: syntax error in expression (error token is ": - 70")
error in runCycle for line 746. skipping.
./calcSMAPE: line 109: error: - 76: syntax error in expression (error token is ": - 76")
error in runCycle for line 747. skipping.
./calcSMAPE: line 109: error: - 77: syntax error in expression (error token is ": - 77")
error in runCycle for line 748. skipping.
./calcSMAPE: line 109: error: - 76: syntax error in expression (error token is ": - 76")
error in runCycle for line 749. skipping.
./calcSMAPE: line 109: error: - 76: syntax error in expression (error token is ": - 76")
error in runCycle for line 770. skipping.
./calcSMAPE: line 109: error: - 72: syntax error in expression (error token is ": - 72")
error in runCycle for line 771. skipping.
./calcSMAPE: line 109: error: - 84: syntax error in expression (error token is ": - 84")
error in runCycle for line 772. skipping.
./calcSMAPE: line 109: error: - 84: syntax error in expression (error token is ": - 84")
error in runCycle for line 773. skipping.
./calcSMAPE: line 109: error: - 87: syntax error in expression (error token is ": - 87")
error in runCycle for line 774. skipping.
./calcSMAPE: line 109: error: - 79: syntax error in expression (error token is ": - 79")
error in runCycle for line 775. skipping.
./calcSMAPE: line 109: error: - 84: syntax error in expression (error token is ": - 84")
error in runCycle for line 776. skipping.
./calcSMAPE: line 109: error: - 84: syntax error in expression (error token is ": - 84")
error in runCycle for line 777. skipping.
./calcSMAPE: line 109: error: - 72: syntax error in expression (error token is ": - 72")
error in runCycle for line 778. skipping.
./calcSMAPE: line 109: error: - 81: syntax error in expression (error token is ": - 81")
error in runCycle for line 779. skipping.
./calcSMAPE: line 109: error: - 81: syntax error in expression (error token is ": - 81")
error in runCycle for line 830. skipping.
./calcSMAPE: line 109: error: - 71: syntax error in expression (error token is ": - 71")
error in runCycle for line 831. skipping.
./calcSMAPE: line 109: error: - 86: syntax error in expression (error token is ": - 86")
error in runCycle for line 832. skipping.
./calcSMAPE: line 109: error: - 80: syntax error in expression (error token is ": - 80")
error in runCycle for line 833. skipping.
./calcSMAPE: line 109: error: - 80: syntax error in expression (error token is ": - 80")
error in runCycle for line 834. skipping.
./calcSMAPE: line 109: error: - 82: syntax error in expression (error token is ": - 82")
error in runCycle for line 835. skipping.
./calcSMAPE: line 109: error: - 88: syntax error in expression (error token is ": - 88")
error in runCycle for line 836. skipping.
./calcSMAPE: line 109: error: - 81: syntax error in expression (error token is ": - 81")
error in runCycle for line 837. skipping.
./calcSMAPE: line 109: error: - 79: syntax error in expression (error token is ": - 79")
error in runCycle for line 838. skipping.
./calcSMAPE: line 109: error: - 79: syntax error in expression (error token is ": - 79")
error in runCycle for line 839. skipping.
./calcSMAPE: line 109: error: - 66: syntax error in expression (error token is ": - 66")
error in runCycle for line 870. skipping.
./calcSMAPE: line 109: error: - 78: syntax error in expression (error token is ": - 78")
error in runCycle for line 871. skipping.
./calcSMAPE: line 109: error: - 65: syntax error in expression (error token is ": - 65")
error in runCycle for line 872. skipping.
./calcSMAPE: line 109: error: - 70: syntax error in expression (error token is ": - 70")
error in runCycle for line 873. skipping.
./calcSMAPE: line 109: error: - 80: syntax error in expression (error token is ": - 80")
error in runCycle for line 874. skipping.
./calcSMAPE: line 109: error: - 74: syntax error in expression (error token is ": - 74")
error in runCycle for line 875. skipping.
./calcSMAPE: line 109: error: - 69: syntax error in expression (error token is ": - 69")
error in runCycle for line 876. skipping.
./calcSMAPE: line 109: error: - 70: syntax error in expression (error token is ": - 70")
error in runCycle for line 877. skipping.
./calcSMAPE: line 109: error: - 60: syntax error in expression (error token is ": - 60")
error in runCycle for line 878. skipping.
./calcSMAPE: line 109: error: - 60: syntax error in expression (error token is ": - 60")
error in runCycle for line 879. skipping.
./calcSMAPE: line 109: error: - 68: syntax error in expression (error token is ": - 68")
error in runCycle for line 890. skipping.
./calcSMAPE: line 109: error: - 64: syntax error in expression (error token is ": - 64")
error in runCycle for line 891. skipping.
./calcSMAPE: line 109: error: - 49: syntax error in expression (error token is ": - 49")
error in runCycle for line 892. skipping.
./calcSMAPE: line 109: error: - 63: syntax error in expression (error token is ": - 63")
error in runCycle for line 893. skipping.
./calcSMAPE: line 109: error: - 70: syntax error in expression (error token is ": - 70")
error in runCycle for line 894. skipping.
./calcSMAPE: line 109: error: - 60: syntax error in expression (error token is ": - 60")
error in runCycle for line 895. skipping.
./calcSMAPE: line 109: error: - 60: syntax error in expression (error token is ": - 60")
error in runCycle for line 896. skipping.
./calcSMAPE: line 109: error: - 68: syntax error in expression (error token is ": - 68")
error in runCycle for line 897. skipping.
./calcSMAPE: line 109: error: - 59: syntax error in expression (error token is ": - 59")
error in runCycle for line 898. skipping.
./calcSMAPE: line 109: error: - 65: syntax error in expression (error token is ": - 65")
error in runCycle for line 899. skipping.
./calcSMAPE: line 109: error: - 14: syntax error in expression (error token is ": - 14")
error in runCycle for line 930. skipping.
./calcSMAPE: line 109: error: - 17: syntax error in expression (error token is ": - 17")
error in runCycle for line 931. skipping.
./calcSMAPE: line 109: error: - 13: syntax error in expression (error token is ": - 13")
error in runCycle for line 932. skipping.
./calcSMAPE: line 109: error: - 10: syntax error in expression (error token is ": - 10")
error in runCycle for line 933. skipping.
./calcSMAPE: line 109: error: - 11: syntax error in expression (error token is ": - 11")
error in runCycle for line 934. skipping.
./calcSMAPE: line 109: error: - 11: syntax error in expression (error token is ": - 11")
error in runCycle for line 935. skipping.
./calcSMAPE: line 109: error: - 12: syntax error in expression (error token is ": - 12")
error in runCycle for line 936. skipping.
./calcSMAPE: line 109: error: - 13: syntax error in expression (error token is ": - 13")
error in runCycle for line 937. skipping.
./calcSMAPE: line 109: error: - 10: syntax error in expression (error token is ": - 10")
error in runCycle for line 938. skipping.
./calcSMAPE: line 109: error: - 10: syntax error in expression (error token is ": - 10")
error in runCycle for line 939. skipping.
./calcSMAPE: line 109: error: - 2: syntax error in expression (error token is ": - 2")
error in runCycle for line 990. skipping.
./calcSMAPE: line 109: error: - 3: syntax error in expression (error token is ": - 3")
error in runCycle for line 991. skipping.
./calcSMAPE: line 109: error: - 5: syntax error in expression (error token is ": - 5")
error in runCycle for line 992. skipping.
./calcSMAPE: line 109: error: - 4: syntax error in expression (error token is ": - 4")
error in runCycle for line 993. skipping.
./calcSMAPE: line 109: error: - 4: syntax error in expression (error token is ": - 4")
error in runCycle for line 994. skipping.
./calcSMAPE: line 109: error: - 2: syntax error in expression (error token is ": - 2")
error in runCycle for line 995. skipping.
./calcSMAPE: line 109: error: - 4: syntax error in expression (error token is ": - 4")
error in runCycle for line 996. skipping.
./calcSMAPE: line 109: error: - 5: syntax error in expression (error token is ": - 5")
error in runCycle for line 997. skipping.
./calcSMAPE: line 109: error: - 2: syntax error in expression (error token is ": - 2")
error in runCycle for line 998. skipping.
./calcSMAPE: line 109: error: - 4: syntax error in expression (error token is ": - 4")
error in runCycle for line 999. skipping.
./calcSMAPE: line 109: error: - 22: syntax error in expression (error token is ": - 22")
error in runCycle for line 1300. skipping.
./calcSMAPE: line 109: error: - 26: syntax error in expression (error token is ": - 26")
error in runCycle for line 1301. skipping.
./calcSMAPE: line 109: error: - 35: syntax error in expression (error token is ": - 35")
error in runCycle for line 1302. skipping.
./calcSMAPE: line 109: error: - 37: syntax error in expression (error token is ": - 37")
error in runCycle for line 1303. skipping.
./calcSMAPE: line 109: error: - 42: syntax error in expression (error token is ": - 42")
error in runCycle for line 1304. skipping.
./calcSMAPE: line 109: error: - 44: syntax error in expression (error token is ": - 44")
error in runCycle for line 1305. skipping.
./calcSMAPE: line 109: error: - 47: syntax error in expression (error token is ": - 47")
error in runCycle for line 1306. skipping.
./calcSMAPE: line 109: error: - 47: syntax error in expression (error token is ": - 47")
error in runCycle for line 1307. skipping.
./calcSMAPE: line 109: error: - 47: syntax error in expression (error token is ": - 47")
error in runCycle for line 1308. skipping.
./calcSMAPE: line 109: error: - 47: syntax error in expression (error token is ": - 47")
error in runCycle for line 1309. skipping.
./calcSMAPE: line 109: error: - 84: syntax error in expression (error token is ": - 84")
error in runCycle for line 1350. skipping.
./calcSMAPE: line 109: error: - 84: syntax error in expression (error token is ": - 84")
error in runCycle for line 1351. skipping.
./calcSMAPE: line 109: error: - 84: syntax error in expression (error token is ": - 84")
error in runCycle for line 1352. skipping.
./calcSMAPE: line 109: error: - 84: syntax error in expression (error token is ": - 84")
error in runCycle for line 1353. skipping.
./calcSMAPE: line 109: error: - 84: syntax error in expression (error token is ": - 84")
error in runCycle for line 1354. skipping.
./calcSMAPE: line 109: error: - 84: syntax error in expression (error token is ": - 84")
error in runCycle for line 1355. skipping.
./calcSMAPE: line 109: error: - 84: syntax error in expression (error token is ": - 84")
error in runCycle for line 1356. skipping.
./calcSMAPE: line 109: error: - 84: syntax error in expression (error token is ": - 84")
error in runCycle for line 1357. skipping.
./calcSMAPE: line 109: error: - 86: syntax error in expression (error token is ": - 86")
error in runCycle for line 1358. skipping.
./calcSMAPE: line 109: error: - 89: syntax error in expression (error token is ": - 89")
error in runCycle for line 1359. skipping.
./calcSMAPE: line 109: error: - 89: syntax error in expression (error token is ": - 89")
error in runCycle for line 1370. skipping.
./calcSMAPE: line 109: error: - 89: syntax error in expression (error token is ": - 89")
error in runCycle for line 1371. skipping.
./calcSMAPE: line 109: error: - 89: syntax error in expression (error token is ": - 89")
error in runCycle for line 1372. skipping.
./calcSMAPE: line 109: error: - 89: syntax error in expression (error token is ": - 89")
error in runCycle for line 1373. skipping.
./calcSMAPE: line 109: error: - 89: syntax error in expression (error token is ": - 89")
error in runCycle for line 1374. skipping.
./calcSMAPE: line 109: error: - 89: syntax error in expression (error token is ": - 89")
error in runCycle for line 1375. skipping.
./calcSMAPE: line 109: error: - 89: syntax error in expression (error token is ": - 89")
error in runCycle for line 1376. skipping.
./calcSMAPE: line 109: error: - 89: syntax error in expression (error token is ": - 89")
error in runCycle for line 1377. skipping.
./calcSMAPE: line 109: error: - 89: syntax error in expression (error token is ": - 89")
error in runCycle for line 1378. skipping.
./calcSMAPE: line 109: error: - 89: syntax error in expression (error token is ": - 89")
error in runCycle for line 1379. skipping.
./calcSMAPE: line 109: error: - 81: syntax error in expression (error token is ": - 81")
error in runCycle for line 1400. skipping.
./calcSMAPE: line 109: error: - 79: syntax error in expression (error token is ": - 79")
error in runCycle for line 1401. skipping.
./calcSMAPE: line 109: error: - 78: syntax error in expression (error token is ": - 78")
error in runCycle for line 1402. skipping.
./calcSMAPE: line 109: error: - 70: syntax error in expression (error token is ": - 70")
error in runCycle for line 1403. skipping.
./calcSMAPE: line 109: error: - 67: syntax error in expression (error token is ": - 67")
error in runCycle for line 1404. skipping.
./calcSMAPE: line 109: error: - 63: syntax error in expression (error token is ": - 63")
error in runCycle for line 1405. skipping.
./calcSMAPE: line 109: error: - 68: syntax error in expression (error token is ": - 68")
error in runCycle for line 1406. skipping.
./calcSMAPE: line 109: error: - 65: syntax error in expression (error token is ": - 65")
error in runCycle for line 1407. skipping.
./calcSMAPE: line 109: error: - 66: syntax error in expression (error token is ": - 66")
error in runCycle for line 1408. skipping.
./calcSMAPE: line 109: error: - 67: syntax error in expression (error token is ": - 67")
error in runCycle for line 1409. skipping.
./calcSMAPE: line 109: error: - 72: syntax error in expression (error token is ": - 72")
error in runCycle for line 1410. skipping.
./calcSMAPE: line 109: error: - 89: syntax error in expression (error token is ": - 89")
error in runCycle for line 1430. skipping.
./calcSMAPE: line 109: error: - 89: syntax error in expression (error token is ": - 89")
error in runCycle for line 1431. skipping.
./calcSMAPE: line 109: error: - 89: syntax error in expression (error token is ": - 89")
error in runCycle for line 1432. skipping.
./calcSMAPE: line 109: error: - 89: syntax error in expression (error token is ": - 89")
error in runCycle for line 1433. skipping.
./calcSMAPE: line 109: error: - 91: syntax error in expression (error token is ": - 91")
error in runCycle for line 1434. skipping.
./calcSMAPE: line 109: error: - 91: syntax error in expression (error token is ": - 91")
error in runCycle for line 1435. skipping.
./calcSMAPE: line 109: error: - 94: syntax error in expression (error token is ": - 94")
error in runCycle for line 1436. skipping.
./calcSMAPE: line 109: error: - 92: syntax error in expression (error token is ": - 92")
error in runCycle for line 1437. skipping.
./calcSMAPE: line 109: error: - 84: syntax error in expression (error token is ": - 84")
error in runCycle for line 1438. skipping.
./calcSMAPE: line 109: error: - 84: syntax error in expression (error token is ": - 84")
error in runCycle for line 1439. skipping.
./calcSMAPE: line 109: error: - 59: syntax error in expression (error token is ": - 59")
error in runCycle for line 1510. skipping.
./calcSMAPE: line 109: error: - 57: syntax error in expression (error token is ": - 57")
error in runCycle for line 1511. skipping.
./calcSMAPE: line 109: error: - 53: syntax error in expression (error token is ": - 53")
error in runCycle for line 1512. skipping.
./calcSMAPE: line 109: error: - 53: syntax error in expression (error token is ": - 53")
error in runCycle for line 1513. skipping.
./calcSMAPE: line 109: error: - 52: syntax error in expression (error token is ": - 52")
error in runCycle for line 1514. skipping.
./calcSMAPE: line 109: error: - 51: syntax error in expression (error token is ": - 51")
error in runCycle for line 1515. skipping.
./calcSMAPE: line 109: error: - 47: syntax error in expression (error token is ": - 47")
error in runCycle for line 1516. skipping.
./calcSMAPE: line 109: error: - 44: syntax error in expression (error token is ": - 44")
error in runCycle for line 1517. skipping.
./calcSMAPE: line 109: error: - 38: syntax error in expression (error token is ": - 38")
error in runCycle for line 1518. skipping.
./calcSMAPE: line 109: error: - 32: syntax error in expression (error token is ": - 32")
error in runCycle for line 1519. skipping.
./calcSMAPE: line 109: error: - 57: syntax error in expression (error token is ": - 57")
error in runCycle for line 1560. skipping.
./calcSMAPE: line 109: error: - 64: syntax error in expression (error token is ": - 64")
error in runCycle for line 1561. skipping.
./calcSMAPE: line 109: error: - 63: syntax error in expression (error token is ": - 63")
error in runCycle for line 1562. skipping.
./calcSMAPE: line 109: error: - 58: syntax error in expression (error token is ": - 58")
error in runCycle for line 1563. skipping.
./calcSMAPE: line 109: error: - 60: syntax error in expression (error token is ": - 60")
error in runCycle for line 1564. skipping.
./calcSMAPE: line 109: error: - 62: syntax error in expression (error token is ": - 62")
error in runCycle for line 1565. skipping.
./calcSMAPE: line 109: error: - 69: syntax error in expression (error token is ": - 69")
error in runCycle for line 1566. skipping.
./calcSMAPE: line 109: error: - 74: syntax error in expression (error token is ": - 74")
error in runCycle for line 1567. skipping.
./calcSMAPE: line 109: error: - 73: syntax error in expression (error token is ": - 73")
error in runCycle for line 1568. skipping.
./calcSMAPE: line 109: error: - 72: syntax error in expression (error token is ": - 72")
error in runCycle for line 1569. skipping.
./calcSMAPE: line 109: error: - 74: syntax error in expression (error token is ": - 74")
error in runCycle for line 1570. skipping.
./calcSMAPE: line 109: error: - 82: syntax error in expression (error token is ": - 82")
error in runCycle for line 1610. skipping.
./calcSMAPE: line 109: error: - 76: syntax error in expression (error token is ": - 76")
error in runCycle for line 1611. skipping.
./calcSMAPE: line 109: error: - 77: syntax error in expression (error token is ": - 77")
error in runCycle for line 1612. skipping.
./calcSMAPE: line 109: error: - 68: syntax error in expression (error token is ": - 68")
error in runCycle for line 1613. skipping.
./calcSMAPE: line 109: error: - 66: syntax error in expression (error token is ": - 66")
error in runCycle for line 1614. skipping.
./calcSMAPE: line 109: error: - 68: syntax error in expression (error token is ": - 68")
error in runCycle for line 1615. skipping.
./calcSMAPE: line 109: error: - 76: syntax error in expression (error token is ": - 76")
error in runCycle for line 1616. skipping.
./calcSMAPE: line 109: error: - 76: syntax error in expression (error token is ": - 76")
error in runCycle for line 1617. skipping.
./calcSMAPE: line 109: error: - 72: syntax error in expression (error token is ": - 72")
error in runCycle for line 1618. skipping.
./calcSMAPE: line 109: error: - 56: syntax error in expression (error token is ": - 56")
error in runCycle for line 1619. skipping.
./calcSMAPE: line 109: error: - 73: syntax error in expression (error token is ": - 73")
error in runCycle for line 1640. skipping.
./calcSMAPE: line 109: error: - 75: syntax error in expression (error token is ": - 75")
error in runCycle for line 1641. skipping.
./calcSMAPE: line 109: error: - 76: syntax error in expression (error token is ": - 76")
error in runCycle for line 1642. skipping.
./calcSMAPE: line 109: error: - 75: syntax error in expression (error token is ": - 75")
error in runCycle for line 1643. skipping.
./calcSMAPE: line 109: error: - 69: syntax error in expression (error token is ": - 69")
error in runCycle for line 1644. skipping.
./calcSMAPE: line 109: error: - 74: syntax error in expression (error token is ": - 74")
error in runCycle for line 1645. skipping.
./calcSMAPE: line 109: error: - 72: syntax error in expression (error token is ": - 72")
error in runCycle for line 1646. skipping.
./calcSMAPE: line 109: error: - 77: syntax error in expression (error token is ": - 77")
error in runCycle for line 1647. skipping.
./calcSMAPE: line 109: error: - 69: syntax error in expression (error token is ": - 69")
error in runCycle for line 1648. skipping.
./calcSMAPE: line 109: error: - 62: syntax error in expression (error token is ": - 62")
error in runCycle for line 1649. skipping.
./calcSMAPE: line 109: error: - 74: syntax error in expression (error token is ": - 74")
error in runCycle for line 1700. skipping.
./calcSMAPE: line 109: error: - 76: syntax error in expression (error token is ": - 76")
error in runCycle for line 1701. skipping.
./calcSMAPE: line 109: error: - 77: syntax error in expression (error token is ": - 77")
error in runCycle for line 1702. skipping.
./calcSMAPE: line 109: error: - 82: syntax error in expression (error token is ": - 82")
error in runCycle for line 1703. skipping.
./calcSMAPE: line 109: error: - 83: syntax error in expression (error token is ": - 83")
error in runCycle for line 1704. skipping.
./calcSMAPE: line 109: error: - 82: syntax error in expression (error token is ": - 82")
error in runCycle for line 1705. skipping.
./calcSMAPE: line 109: error: - 84: syntax error in expression (error token is ": - 84")
error in runCycle for line 1706. skipping.
./calcSMAPE: line 109: error: - 80: syntax error in expression (error token is ": - 80")
error in runCycle for line 1707. skipping.
./calcSMAPE: line 109: error: - 75: syntax error in expression (error token is ": - 75")
error in runCycle for line 1708. skipping.
./calcSMAPE: line 109: error: - 77: syntax error in expression (error token is ": - 77")
error in runCycle for line 1709. skipping.
./calcSMAPE: line 109: error: - 77: syntax error in expression (error token is ": - 77")
error in runCycle for line 1770. skipping.
./calcSMAPE: line 109: error: - 63: syntax error in expression (error token is ": - 63")
error in runCycle for line 1771. skipping.
./calcSMAPE: line 109: error: - 64: syntax error in expression (error token is ": - 64")
error in runCycle for line 1772. skipping.
./calcSMAPE: line 109: error: - 62: syntax error in expression (error token is ": - 62")
error in runCycle for line 1773. skipping.
./calcSMAPE: line 109: error: - 50: syntax error in expression (error token is ": - 50")
error in runCycle for line 1774. skipping.
./calcSMAPE: line 109: error: - 68: syntax error in expression (error token is ": - 68")
error in runCycle for line 1775. skipping.
./calcSMAPE: line 109: error: - 67: syntax error in expression (error token is ": - 67")
error in runCycle for line 1776. skipping.
./calcSMAPE: line 109: error: - 66: syntax error in expression (error token is ": - 66")
error in runCycle for line 1777. skipping.
./calcSMAPE: line 109: error: - 79: syntax error in expression (error token is ": - 79")
error in runCycle for line 1778. skipping.
./calcSMAPE: line 109: error: - 69: syntax error in expression (error token is ": - 69")
error in runCycle for line 1779. skipping.
./calcSMAPE: line 109: error: - 77: syntax error in expression (error token is ": - 77")
error in runCycle for line 1810. skipping.
./calcSMAPE: line 109: error: - 83: syntax error in expression (error token is ": - 83")
error in runCycle for line 1811. skipping.
./calcSMAPE: line 109: error: - 87: syntax error in expression (error token is ": - 87")
error in runCycle for line 1812. skipping.
./calcSMAPE: line 109: error: - 85: syntax error in expression (error token is ": - 85")
error in runCycle for line 1813. skipping.
./calcSMAPE: line 109: error: - 83: syntax error in expression (error token is ": - 83")
error in runCycle for line 1814. skipping.
./calcSMAPE: line 109: error: - 83: syntax error in expression (error token is ": - 83")
error in runCycle for line 1815. skipping.
./calcSMAPE: line 109: error: - 77: syntax error in expression (error token is ": - 77")
error in runCycle for line 1816. skipping.
./calcSMAPE: line 109: error: - 79: syntax error in expression (error token is ": - 79")
error in runCycle for line 1817. skipping.
./calcSMAPE: line 109: error: - 79: syntax error in expression (error token is ": - 79")
error in runCycle for line 1818. skipping.
./calcSMAPE: line 109: error: - 83: syntax error in expression (error token is ": - 83")
error in runCycle for line 1819. skipping.
./calcSMAPE: line 109: error: - 82: syntax error in expression (error token is ": - 82")
error in runCycle for line 1860. skipping.
./calcSMAPE: line 109: error: - 80: syntax error in expression (error token is ": - 80")
error in runCycle for line 1861. skipping.
./calcSMAPE: line 109: error: - 84: syntax error in expression (error token is ": - 84")
error in runCycle for line 1862. skipping.
./calcSMAPE: line 109: error: - 87: syntax error in expression (error token is ": - 87")
error in runCycle for line 1863. skipping.
./calcSMAPE: line 109: error: - 90: syntax error in expression (error token is ": - 90")
error in runCycle for line 1864. skipping.
./calcSMAPE: line 109: error: - 89: syntax error in expression (error token is ": - 89")
error in runCycle for line 1865. skipping.
./calcSMAPE: line 109: error: - 84: syntax error in expression (error token is ": - 84")
error in runCycle for line 1866. skipping.
./calcSMAPE: line 109: error: - 90: syntax error in expression (error token is ": - 90")
error in runCycle for line 1867. skipping.
./calcSMAPE: line 109: error: - 87: syntax error in expression (error token is ": - 87")
error in runCycle for line 1868. skipping.
./calcSMAPE: line 109: error: - 87: syntax error in expression (error token is ": - 87")
error in runCycle for line 1869. skipping.
./calcSMAPE: line 109: error: - 82: syntax error in expression (error token is ": - 82")
error in runCycle for line 1890. skipping.
./calcSMAPE: line 109: error: - 85: syntax error in expression (error token is ": - 85")
error in runCycle for line 1891. skipping.
./calcSMAPE: line 109: error: - 83: syntax error in expression (error token is ": - 83")
error in runCycle for line 1892. skipping.
./calcSMAPE: line 109: error: - 80: syntax error in expression (error token is ": - 80")
error in runCycle for line 1893. skipping.
./calcSMAPE: line 109: error: - 88: syntax error in expression (error token is ": - 88")
error in runCycle for line 1894. skipping.
./calcSMAPE: line 109: error: - 84: syntax error in expression (error token is ": - 84")
error in runCycle for line 1895. skipping.
./calcSMAPE: line 109: error: - 78: syntax error in expression (error token is ": - 78")
error in runCycle for line 1896. skipping.
./calcSMAPE: line 109: error: - 83: syntax error in expression (error token is ": - 83")
error in runCycle for line 1897. skipping.
./calcSMAPE: line 109: error: - 79: syntax error in expression (error token is ": - 79")
error in runCycle for line 1898. skipping.
./calcSMAPE: line 109: error: - 79: syntax error in expression (error token is ": - 79")
error in runCycle for line 1899. skipping.
./calcSMAPE: line 109: error: - 85: syntax error in expression (error token is ": - 85")
error in runCycle for line 1920. skipping.
./calcSMAPE: line 109: error: - 84: syntax error in expression (error token is ": - 84")
error in runCycle for line 1921. skipping.
./calcSMAPE: line 109: error: - 82: syntax error in expression (error token is ": - 82")
error in runCycle for line 1922. skipping.
./calcSMAPE: line 109: error: - 80: syntax error in expression (error token is ": - 80")
error in runCycle for line 1923. skipping.
./calcSMAPE: line 109: error: - 75: syntax error in expression (error token is ": - 75")
error in runCycle for line 1924. skipping.
./calcSMAPE: line 109: error: - 69: syntax error in expression (error token is ": - 69")
error in runCycle for line 1925. skipping.
./calcSMAPE: line 109: error: - 73: syntax error in expression (error token is ": - 73")
error in runCycle for line 1926. skipping.
./calcSMAPE: line 109: error: - 74: syntax error in expression (error token is ": - 74")
error in runCycle for line 1927. skipping.
./calcSMAPE: line 109: error: - 84: syntax error in expression (error token is ": - 84")
error in runCycle for line 1928. skipping.
./calcSMAPE: line 109: error: - 90: syntax error in expression (error token is ": - 90")
error in runCycle for line 1929. skipping.
./calcSMAPE: line 109: error: - 90: syntax error in expression (error token is ": - 90")
error in runCycle for line 1950. skipping.
./calcSMAPE: line 109: error: - 92: syntax error in expression (error token is ": - 92")
error in runCycle for line 1951. skipping.
./calcSMAPE: line 109: error: - 85: syntax error in expression (error token is ": - 85")
error in runCycle for line 1952. skipping.
./calcSMAPE: line 109: error: - 82: syntax error in expression (error token is ": - 82")
error in runCycle for line 1953. skipping.
./calcSMAPE: line 109: error: - 85: syntax error in expression (error token is ": - 85")
error in runCycle for line 1954. skipping.
./calcSMAPE: line 109: error: - 86: syntax error in expression (error token is ": - 86")
error in runCycle for line 1955. skipping.
./calcSMAPE: line 109: error: - 80: syntax error in expression (error token is ": - 80")
error in runCycle for line 1956. skipping.
./calcSMAPE: line 109: error: - 85: syntax error in expression (error token is ": - 85")
error in runCycle for line 1957. skipping.
./calcSMAPE: line 109: error: - 83: syntax error in expression (error token is ": - 83")
error in runCycle for line 1958. skipping.
./calcSMAPE: line 109: error: - 78: syntax error in expression (error token is ": - 78")
error in runCycle for line 1959. skipping.
./calcSMAPE: line 109: error: - 82: syntax error in expression (error token is ": - 82")
error in runCycle for line 1970. skipping.
./calcSMAPE: line 109: error: - 75: syntax error in expression (error token is ": - 75")
error in runCycle for line 1971. skipping.
./calcSMAPE: line 109: error: - 76: syntax error in expression (error token is ": - 76")
error in runCycle for line 1972. skipping.
./calcSMAPE: line 109: error: - 71: syntax error in expression (error token is ": - 71")
error in runCycle for line 1973. skipping.
./calcSMAPE: line 109: error: - 75: syntax error in expression (error token is ": - 75")
error in runCycle for line 1974. skipping.
./calcSMAPE: line 109: error: - 86: syntax error in expression (error token is ": - 86")
error in runCycle for line 1975. skipping.
./calcSMAPE: line 109: error: - 82: syntax error in expression (error token is ": - 82")
error in runCycle for line 1976. skipping.
./calcSMAPE: line 109: error: - 86: syntax error in expression (error token is ": - 86")
error in runCycle for line 1977. skipping.
./calcSMAPE: line 109: error: - 85: syntax error in expression (error token is ": - 85")
error in runCycle for line 1978. skipping.
./calcSMAPE: line 109: error: - 81: syntax error in expression (error token is ": - 81")
error in runCycle for line 1979. skipping.
./calcSMAPE: line 109: error: - 56: syntax error in expression (error token is ": - 56")
error in runCycle for line 2030. skipping.
./calcSMAPE: line 109: error: - 60: syntax error in expression (error token is ": - 60")
error in runCycle for line 2031. skipping.
./calcSMAPE: line 109: error: - 64: syntax error in expression (error token is ": - 64")
error in runCycle for line 2032. skipping.
./calcSMAPE: line 109: error: - 64: syntax error in expression (error token is ": - 64")
error in runCycle for line 2033. skipping.
./calcSMAPE: line 109: error: - 60: syntax error in expression (error token is ": - 60")
error in runCycle for line 2034. skipping.
./calcSMAPE: line 109: error: - 65: syntax error in expression (error token is ": - 65")
error in runCycle for line 2035. skipping.
./calcSMAPE: line 109: error: - 56: syntax error in expression (error token is ": - 56")
error in runCycle for line 2036. skipping.
./calcSMAPE: line 109: error: - 60: syntax error in expression (error token is ": - 60")
error in runCycle for line 2037. skipping.
./calcSMAPE: line 109: error: - 72: syntax error in expression (error token is ": - 72")
error in runCycle for line 2038. skipping.
./calcSMAPE: line 109: error: - 71: syntax error in expression (error token is ": - 71")
error in runCycle for line 2039. skipping.
./calcSMAPE: line 109: error: - 89: syntax error in expression (error token is ": - 89")
error in runCycle for line 2050. skipping.
./calcSMAPE: line 109: error: - 92: syntax error in expression (error token is ": - 92")
error in runCycle for line 2051. skipping.
./calcSMAPE: line 109: error: - 91: syntax error in expression (error token is ": - 91")
error in runCycle for line 2052. skipping.
./calcSMAPE: line 109: error: - 93: syntax error in expression (error token is ": - 93")
error in runCycle for line 2053. skipping.
./calcSMAPE: line 109: error: - 92: syntax error in expression (error token is ": - 92")
error in runCycle for line 2054. skipping.
./calcSMAPE: line 109: error: - 92: syntax error in expression (error token is ": - 92")
error in runCycle for line 2055. skipping.
./calcSMAPE: line 109: error: - 89: syntax error in expression (error token is ": - 89")
error in runCycle for line 2056. skipping.
./calcSMAPE: line 109: error: - 91: syntax error in expression (error token is ": - 91")
error in runCycle for line 2057. skipping.
./calcSMAPE: line 109: error: - 93: syntax error in expression (error token is ": - 93")
error in runCycle for line 2058. skipping.
./calcSMAPE: line 109: error: - 93: syntax error in expression (error token is ": - 93")
error in runCycle for line 2059. skipping.
./calcSMAPE: line 109: error: - 70: syntax error in expression (error token is ": - 70")
error in runCycle for line 2080. skipping.
./calcSMAPE: line 109: error: - 71: syntax error in expression (error token is ": - 71")
error in runCycle for line 2081. skipping.
./calcSMAPE: line 109: error: - 74: syntax error in expression (error token is ": - 74")
error in runCycle for line 2082. skipping.
./calcSMAPE: line 109: error: - 74: syntax error in expression (error token is ": - 74")
error in runCycle for line 2083. skipping.
./calcSMAPE: line 109: error: - 67: syntax error in expression (error token is ": - 67")
error in runCycle for line 2084. skipping.
./calcSMAPE: line 109: error: - 64: syntax error in expression (error token is ": - 64")
error in runCycle for line 2085. skipping.
./calcSMAPE: line 109: error: - 62: syntax error in expression (error token is ": - 62")
error in runCycle for line 2086. skipping.
./calcSMAPE: line 109: error: - 63: syntax error in expression (error token is ": - 63")
error in runCycle for line 2087. skipping.
./calcSMAPE: line 109: error: - 63: syntax error in expression (error token is ": - 63")
error in runCycle for line 2088. skipping.
./calcSMAPE: line 109: error: - 64: syntax error in expression (error token is ": - 64")
error in runCycle for line 2089. skipping.
./calcSMAPE: line 109: error: - 25: syntax error in expression (error token is ": - 25")
error in runCycle for line 2141. skipping.
./calcSMAPE: line 109: error: - 22: syntax error in expression (error token is ": - 22")
error in runCycle for line 2142. skipping.
./calcSMAPE: line 109: error: - 25: syntax error in expression (error token is ": - 25")
error in runCycle for line 2143. skipping.
./calcSMAPE: line 109: error: - 25: syntax error in expression (error token is ": - 25")
error in runCycle for line 2144. skipping.
./calcSMAPE: line 109: error: - 21: syntax error in expression (error token is ": - 21")
error in runCycle for line 2145. skipping.
./calcSMAPE: line 109: error: - 25: syntax error in expression (error token is ": - 25")
error in runCycle for line 2146. skipping.
./calcSMAPE: line 109: error: - 25: syntax error in expression (error token is ": - 25")
error in runCycle for line 2147. skipping.
./calcSMAPE: line 109: error: - 21: syntax error in expression (error token is ": - 21")
error in runCycle for line 2148. skipping.
./calcSMAPE: line 109: error: - 19: syntax error in expression (error token is ": - 19")
error in runCycle for line 2149. skipping.
./calcSMAPE: line 109: error: - 31: syntax error in expression (error token is ": - 31")
error in runCycle for line 2250. skipping.
./calcSMAPE: line 109: error: - 37: syntax error in expression (error token is ": - 37")
error in runCycle for line 2251. skipping.
./calcSMAPE: line 109: error: - 32: syntax error in expression (error token is ": - 32")
error in runCycle for line 2252. skipping.
./calcSMAPE: line 109: error: - 29: syntax error in expression (error token is ": - 29")
error in runCycle for line 2253. skipping.
./calcSMAPE: line 109: error: - 29: syntax error in expression (error token is ": - 29")
error in runCycle for line 2254. skipping.
./calcSMAPE: line 109: error: - 26: syntax error in expression (error token is ": - 26")
error in runCycle for line 2255. skipping.
./calcSMAPE: line 109: error: - 33: syntax error in expression (error token is ": - 33")
error in runCycle for line 2256. skipping.
./calcSMAPE: line 109: error: - 30: syntax error in expression (error token is ": - 30")
error in runCycle for line 2257. skipping.
./calcSMAPE: line 109: error: - 29: syntax error in expression (error token is ": - 29")
error in runCycle for line 2258. skipping.
./calcSMAPE: line 109: error: - 30: syntax error in expression (error token is ": - 30")
error in runCycle for line 2259. skipping.
./calcSMAPE: line 109: error: - 30: syntax error in expression (error token is ": - 30")
error in runCycle for line 2290. skipping.
./calcSMAPE: line 109: error: - 31: syntax error in expression (error token is ": - 31")
error in runCycle for line 2291. skipping.
./calcSMAPE: line 109: error: - 34: syntax error in expression (error token is ": - 34")
error in runCycle for line 2292. skipping.
./calcSMAPE: line 109: error: - 32: syntax error in expression (error token is ": - 32")
error in runCycle for line 2293. skipping.
./calcSMAPE: line 109: error: - 33: syntax error in expression (error token is ": - 33")
error in runCycle for line 2294. skipping.
./calcSMAPE: line 109: error: - 37: syntax error in expression (error token is ": - 37")
error in runCycle for line 2295. skipping.
./calcSMAPE: line 109: error: - 30: syntax error in expression (error token is ": - 30")
error in runCycle for line 2296. skipping.
./calcSMAPE: line 109: error: - 29: syntax error in expression (error token is ": - 29")
error in runCycle for line 2297. skipping.
./calcSMAPE: line 109: error: - 28: syntax error in expression (error token is ": - 28")
error in runCycle for line 2298. skipping.
./calcSMAPE: line 109: error: - 25: syntax error in expression (error token is ": - 25")
error in runCycle for line 2299. skipping.
./calcSMAPE: line 109: error: - 8: syntax error in expression (error token is ": - 8")
error in runCycle for line 2340. skipping.
./calcSMAPE: line 109: error: - 12: syntax error in expression (error token is ": - 12")
error in runCycle for line 2341. skipping.
./calcSMAPE: line 109: error: - 13: syntax error in expression (error token is ": - 13")
error in runCycle for line 2342. skipping.
./calcSMAPE: line 109: error: - 12: syntax error in expression (error token is ": - 12")
error in runCycle for line 2343. skipping.
./calcSMAPE: line 109: error: - 15: syntax error in expression (error token is ": - 15")
error in runCycle for line 2344. skipping.
./calcSMAPE: line 109: error: - 14: syntax error in expression (error token is ": - 14")
error in runCycle for line 2345. skipping.
./calcSMAPE: line 109: error: - 13: syntax error in expression (error token is ": - 13")
error in runCycle for line 2346. skipping.
./calcSMAPE: line 109: error: - 16: syntax error in expression (error token is ": - 16")
error in runCycle for line 2347. skipping.
./calcSMAPE: line 109: error: - 16: syntax error in expression (error token is ": - 16")
error in runCycle for line 2348. skipping.
./calcSMAPE: line 109: error: - 14: syntax error in expression (error token is ": - 14")
error in runCycle for line 2349. skipping.
./calcSMAPE: line 109: error: - 15: syntax error in expression (error token is ": - 15")
error in runCycle for line 2360. skipping.
./calcSMAPE: line 109: error: - 18: syntax error in expression (error token is ": - 18")
error in runCycle for line 2361. skipping.
./calcSMAPE: line 109: error: - 19: syntax error in expression (error token is ": - 19")
error in runCycle for line 2362. skipping.
./calcSMAPE: line 109: error: - 17: syntax error in expression (error token is ": - 17")
error in runCycle for line 2363. skipping.
./calcSMAPE: line 109: error: - 17: syntax error in expression (error token is ": - 17")
error in runCycle for line 2364. skipping.
./calcSMAPE: line 109: error: - 19: syntax error in expression (error token is ": - 19")
error in runCycle for line 2365. skipping.
./calcSMAPE: line 109: error: - 18: syntax error in expression (error token is ": - 18")
error in runCycle for line 2366. skipping.
./calcSMAPE: line 109: error: - 17: syntax error in expression (error token is ": - 17")
error in runCycle for line 2367. skipping.
./calcSMAPE: line 109: error: - 17: syntax error in expression (error token is ": - 17")
error in runCycle for line 2368. skipping.
./calcSMAPE: line 109: error: - 19: syntax error in expression (error token is ": - 19")
error in runCycle for line 2369. skipping.
./calcSMAPE: line 109: error: - 11: syntax error in expression (error token is ": - 11")
error in runCycle for line 2410. skipping.
./calcSMAPE: line 109: error: - 11: syntax error in expression (error token is ": - 11")
error in runCycle for line 2411. skipping.
./calcSMAPE: line 109: error: - 12: syntax error in expression (error token is ": - 12")
error in runCycle for line 2412. skipping.
./calcSMAPE: line 109: error: - 11: syntax error in expression (error token is ": - 11")
error in runCycle for line 2413. skipping.
./calcSMAPE: line 109: error: - 11: syntax error in expression (error token is ": - 11")
error in runCycle for line 2414. skipping.
./calcSMAPE: line 109: error: - 11: syntax error in expression (error token is ": - 11")
error in runCycle for line 2415. skipping.
./calcSMAPE: line 109: error: - 11: syntax error in expression (error token is ": - 11")
error in runCycle for line 2416. skipping.
./calcSMAPE: line 109: error: - 11: syntax error in expression (error token is ": - 11")
error in runCycle for line 2417. skipping.
./calcSMAPE: line 109: error: - 11: syntax error in expression (error token is ": - 11")
error in runCycle for line 2418. skipping.
./calcSMAPE: line 109: error: - 11: syntax error in expression (error token is ": - 11")
error in runCycle for line 2419. skipping.
