./calcSMAPE: line 109: error: - 49: syntax error in expression (error token is ": - 49")
error in runCycle for line 1. skipping.
./calcSMAPE: line 109: error: - 48: syntax error in expression (error token is ": - 48")
error in runCycle for line 2. skipping.
./calcSMAPE: line 109: error: - 52: syntax error in expression (error token is ": - 52")
error in runCycle for line 3. skipping.
./calcSMAPE: line 109: error: - 50: syntax error in expression (error token is ": - 50")
error in runCycle for line 4. skipping.
./calcSMAPE: line 109: error: - 53: syntax error in expression (error token is ": - 53")
error in runCycle for line 5. skipping.
./calcSMAPE: line 109: error: - 45: syntax error in expression (error token is ": - 45")
error in runCycle for line 6. skipping.
./calcSMAPE: line 109: error: - 38: syntax error in expression (error token is ": - 38")
error in runCycle for line 7. skipping.
./calcSMAPE: line 109: error: - 41: syntax error in expression (error token is ": - 41")
error in runCycle for line 8. skipping.
./calcSMAPE: line 109: error: - 43: syntax error in expression (error token is ": - 43")
error in runCycle for line 9. skipping.
./calcSMAPE: line 109: error: - 51: syntax error in expression (error token is ": - 51")
error in runCycle for line 10. skipping.
./calcSMAPE: line 109: error: - 27: syntax error in expression (error token is ": - 27")
error in runCycle for line 90. skipping.
./calcSMAPE: line 109: error: - 24: syntax error in expression (error token is ": - 24")
error in runCycle for line 91. skipping.
./calcSMAPE: line 109: error: - 24: syntax error in expression (error token is ": - 24")
error in runCycle for line 92. skipping.
./calcSMAPE: line 109: error: - 24: syntax error in expression (error token is ": - 24")
error in runCycle for line 93. skipping.
./calcSMAPE: line 109: error: - 23: syntax error in expression (error token is ": - 23")
error in runCycle for line 94. skipping.
./calcSMAPE: line 109: error: - 23: syntax error in expression (error token is ": - 23")
error in runCycle for line 95. skipping.
./calcSMAPE: line 109: error: - 20: syntax error in expression (error token is ": - 20")
error in runCycle for line 96. skipping.
./calcSMAPE: line 109: error: - 20: syntax error in expression (error token is ": - 20")
error in runCycle for line 97. skipping.
./calcSMAPE: line 109: error: - 19: syntax error in expression (error token is ": - 19")
error in runCycle for line 98. skipping.
./calcSMAPE: line 109: error: - 20: syntax error in expression (error token is ": - 20")
error in runCycle for line 99. skipping.
./calcSMAPE: line 109: error: - 47: syntax error in expression (error token is ": - 47")
error in runCycle for line 130. skipping.
./calcSMAPE: line 109: error: - 31: syntax error in expression (error token is ": - 31")
error in runCycle for line 131. skipping.
./calcSMAPE: line 109: error: - 33: syntax error in expression (error token is ": - 33")
error in runCycle for line 132. skipping.
./calcSMAPE: line 109: error: - 33: syntax error in expression (error token is ": - 33")
error in runCycle for line 133. skipping.
./calcSMAPE: line 109: error: - 41: syntax error in expression (error token is ": - 41")
error in runCycle for line 134. skipping.
./calcSMAPE: line 109: error: - 41: syntax error in expression (error token is ": - 41")
error in runCycle for line 135. skipping.
./calcSMAPE: line 109: error: - 44: syntax error in expression (error token is ": - 44")
error in runCycle for line 136. skipping.
./calcSMAPE: line 109: error: - 47: syntax error in expression (error token is ": - 47")
error in runCycle for line 137. skipping.
./calcSMAPE: line 109: error: - 47: syntax error in expression (error token is ": - 47")
error in runCycle for line 138. skipping.
./calcSMAPE: line 109: error: - 53: syntax error in expression (error token is ": - 53")
error in runCycle for line 139. skipping.
./calcSMAPE: line 109: error: - 49: syntax error in expression (error token is ": - 49")
error in runCycle for line 190. skipping.
./calcSMAPE: line 109: error: - 46: syntax error in expression (error token is ": - 46")
error in runCycle for line 191. skipping.
./calcSMAPE: line 109: error: - 50: syntax error in expression (error token is ": - 50")
error in runCycle for line 192. skipping.
./calcSMAPE: line 109: error: - 47: syntax error in expression (error token is ": - 47")
error in runCycle for line 193. skipping.
./calcSMAPE: line 109: error: - 45: syntax error in expression (error token is ": - 45")
error in runCycle for line 194. skipping.
./calcSMAPE: line 109: error: - 48: syntax error in expression (error token is ": - 48")
error in runCycle for line 195. skipping.
./calcSMAPE: line 109: error: - 62: syntax error in expression (error token is ": - 62")
error in runCycle for line 196. skipping.
./calcSMAPE: line 109: error: - 82: syntax error in expression (error token is ": - 82")
error in runCycle for line 197. skipping.
./calcSMAPE: line 109: error: - 86: syntax error in expression (error token is ": - 86")
error in runCycle for line 198. skipping.
./calcSMAPE: line 109: error: - 82: syntax error in expression (error token is ": - 82")
error in runCycle for line 199. skipping.
./calcSMAPE: line 109: error: - 71: syntax error in expression (error token is ": - 71")
error in runCycle for line 220. skipping.
./calcSMAPE: line 109: error: - 62: syntax error in expression (error token is ": - 62")
error in runCycle for line 221. skipping.
./calcSMAPE: line 109: error: - 59: syntax error in expression (error token is ": - 59")
error in runCycle for line 222. skipping.
./calcSMAPE: line 109: error: - 55: syntax error in expression (error token is ": - 55")
error in runCycle for line 223. skipping.
./calcSMAPE: line 109: error: - 56: syntax error in expression (error token is ": - 56")
error in runCycle for line 224. skipping.
./calcSMAPE: line 109: error: - 59: syntax error in expression (error token is ": - 59")
error in runCycle for line 225. skipping.
./calcSMAPE: line 109: error: - 67: syntax error in expression (error token is ": - 67")
error in runCycle for line 226. skipping.
./calcSMAPE: line 109: error: - 75: syntax error in expression (error token is ": - 75")
error in runCycle for line 227. skipping.
./calcSMAPE: line 109: error: - 54: syntax error in expression (error token is ": - 54")
error in runCycle for line 228. skipping.
./calcSMAPE: line 109: error: - 43: syntax error in expression (error token is ": - 43")
error in runCycle for line 229. skipping.
./calcSMAPE: line 109: error: - 12: syntax error in expression (error token is ": - 12")
error in runCycle for line 240. skipping.
./calcSMAPE: line 109: error: - 11: syntax error in expression (error token is ": - 11")
error in runCycle for line 241. skipping.
./calcSMAPE: line 109: error: - 12: syntax error in expression (error token is ": - 12")
error in runCycle for line 242. skipping.
./calcSMAPE: line 109: error: - 13: syntax error in expression (error token is ": - 13")
error in runCycle for line 243. skipping.
./calcSMAPE: line 109: error: - 17: syntax error in expression (error token is ": - 17")
error in runCycle for line 244. skipping.
./calcSMAPE: line 109: error: - 12: syntax error in expression (error token is ": - 12")
error in runCycle for line 245. skipping.
./calcSMAPE: line 109: error: - 10: syntax error in expression (error token is ": - 10")
error in runCycle for line 246. skipping.
./calcSMAPE: line 109: error: - 12: syntax error in expression (error token is ": - 12")
error in runCycle for line 247. skipping.
./calcSMAPE: line 109: error: - 11: syntax error in expression (error token is ": - 11")
error in runCycle for line 248. skipping.
./calcSMAPE: line 109: error: - 12: syntax error in expression (error token is ": - 12")
error in runCycle for line 249. skipping.
./calcSMAPE: line 109: error: - 40: syntax error in expression (error token is ": - 40")
error in runCycle for line 280. skipping.
./calcSMAPE: line 109: error: - 43: syntax error in expression (error token is ": - 43")
error in runCycle for line 281. skipping.
./calcSMAPE: line 109: error: - 46: syntax error in expression (error token is ": - 46")
error in runCycle for line 282. skipping.
./calcSMAPE: line 109: error: - 47: syntax error in expression (error token is ": - 47")
error in runCycle for line 283. skipping.
./calcSMAPE: line 109: error: - 51: syntax error in expression (error token is ": - 51")
error in runCycle for line 284. skipping.
./calcSMAPE: line 109: error: - 71: syntax error in expression (error token is ": - 71")
error in runCycle for line 285. skipping.
./calcSMAPE: line 109: error: - 55: syntax error in expression (error token is ": - 55")
error in runCycle for line 286. skipping.
./calcSMAPE: line 109: error: - 48: syntax error in expression (error token is ": - 48")
error in runCycle for line 287. skipping.
./calcSMAPE: line 109: error: - 52: syntax error in expression (error token is ": - 52")
error in runCycle for line 288. skipping.
./calcSMAPE: line 109: error: - 60: syntax error in expression (error token is ": - 60")
error in runCycle for line 289. skipping.
./calcSMAPE: line 109: error: - 51: syntax error in expression (error token is ": - 51")
error in runCycle for line 290. skipping.
./calcSMAPE: line 109: error: - 64: syntax error in expression (error token is ": - 64")
error in runCycle for line 310. skipping.
./calcSMAPE: line 109: error: - 67: syntax error in expression (error token is ": - 67")
error in runCycle for line 311. skipping.
./calcSMAPE: line 109: error: - 60: syntax error in expression (error token is ": - 60")
error in runCycle for line 312. skipping.
./calcSMAPE: line 109: error: - 53: syntax error in expression (error token is ": - 53")
error in runCycle for line 313. skipping.
./calcSMAPE: line 109: error: - 59: syntax error in expression (error token is ": - 59")
error in runCycle for line 314. skipping.
./calcSMAPE: line 109: error: - 69: syntax error in expression (error token is ": - 69")
error in runCycle for line 315. skipping.
./calcSMAPE: line 109: error: - 55: syntax error in expression (error token is ": - 55")
error in runCycle for line 316. skipping.
./calcSMAPE: line 109: error: - 53: syntax error in expression (error token is ": - 53")
error in runCycle for line 317. skipping.
./calcSMAPE: line 109: error: - 56: syntax error in expression (error token is ": - 56")
error in runCycle for line 318. skipping.
./calcSMAPE: line 109: error: - 71: syntax error in expression (error token is ": - 71")
error in runCycle for line 319. skipping.
./calcSMAPE: line 109: error: - 45: syntax error in expression (error token is ": - 45")
error in runCycle for line 340. skipping.
./calcSMAPE: line 109: error: - 44: syntax error in expression (error token is ": - 44")
error in runCycle for line 341. skipping.
./calcSMAPE: line 109: error: - 41: syntax error in expression (error token is ": - 41")
error in runCycle for line 342. skipping.
./calcSMAPE: line 109: error: - 40: syntax error in expression (error token is ": - 40")
error in runCycle for line 343. skipping.
./calcSMAPE: line 109: error: - 44: syntax error in expression (error token is ": - 44")
error in runCycle for line 344. skipping.
./calcSMAPE: line 109: error: - 48: syntax error in expression (error token is ": - 48")
error in runCycle for line 345. skipping.
./calcSMAPE: line 109: error: - 65: syntax error in expression (error token is ": - 65")
error in runCycle for line 346. skipping.
./calcSMAPE: line 109: error: - 74: syntax error in expression (error token is ": - 74")
error in runCycle for line 347. skipping.
./calcSMAPE: line 109: error: - 58: syntax error in expression (error token is ": - 58")
error in runCycle for line 348. skipping.
./calcSMAPE: line 109: error: - 61: syntax error in expression (error token is ": - 61")
error in runCycle for line 349. skipping.
./calcSMAPE: line 109: error: - 64: syntax error in expression (error token is ": - 64")
error in runCycle for line 360. skipping.
./calcSMAPE: line 109: error: - 61: syntax error in expression (error token is ": - 61")
error in runCycle for line 361. skipping.
./calcSMAPE: line 109: error: - 62: syntax error in expression (error token is ": - 62")
error in runCycle for line 362. skipping.
./calcSMAPE: line 109: error: - 59: syntax error in expression (error token is ": - 59")
error in runCycle for line 363. skipping.
./calcSMAPE: line 109: error: - 59: syntax error in expression (error token is ": - 59")
error in runCycle for line 364. skipping.
./calcSMAPE: line 109: error: - 59: syntax error in expression (error token is ": - 59")
error in runCycle for line 365. skipping.
./calcSMAPE: line 109: error: - 57: syntax error in expression (error token is ": - 57")
error in runCycle for line 366. skipping.
./calcSMAPE: line 109: error: - 53: syntax error in expression (error token is ": - 53")
error in runCycle for line 367. skipping.
./calcSMAPE: line 109: error: - 56: syntax error in expression (error token is ": - 56")
error in runCycle for line 368. skipping.
./calcSMAPE: line 109: error: - 49: syntax error in expression (error token is ": - 49")
error in runCycle for line 369. skipping.
panic: runtime error: index out of range [11] with length 11

goroutine 1 [running]:
github.com/cha87de/tsprofiler/profiler/phase.(*Phase).GetPhasesTx(0xc0000ba220, 0x0, 0x0, 0x0, 0x0, 0x0, 0x0, 0x0, 0x0, 0x0, ...)
	/home/travis/gopath/src/github.com/cha87de/tsprofiler/profiler/phase/phase.go:174 +0x2fd
github.com/cha87de/tsprofiler/profiler.(*Profiler).generateProfile(0xc0000ba000, 0x0, 0x0, 0x0, 0x0, 0x0, 0x0, 0x0, 0x0, 0x0, ...)
	/home/travis/gopath/src/github.com/cha87de/tsprofiler/profiler/profiler.go:155 +0x167
github.com/cha87de/tsprofiler/profiler.(*Profiler).Get(0xc0000ba000, 0x0, 0x0, 0x0, 0x0, 0x0, 0x0, 0x0, 0x0, 0x0, ...)
	/home/travis/gopath/src/github.com/cha87de/tsprofiler/profiler/profiler.go:69 +0x5d
main.outputProfile()
	/home/travis/gopath/src/github.com/cha87de/tsprofiler/cmd/csv2tsprofile/output.go:50 +0x4a
main.main()
	/home/travis/gopath/src/github.com/cha87de/tsprofiler/cmd/csv2tsprofile/main.go:83 +0xd7
./calcSMAPE: line 109: error: - 24: syntax error in expression (error token is ": - 24")
error in runCycle for line 381. skipping.
./calcSMAPE: line 109: error: - 23: syntax error in expression (error token is ": - 23")
error in runCycle for line 382. skipping.
./calcSMAPE: line 109: error: - 18: syntax error in expression (error token is ": - 18")
error in runCycle for line 383. skipping.
./calcSMAPE: line 109: error: - 15: syntax error in expression (error token is ": - 15")
error in runCycle for line 384. skipping.
./calcSMAPE: line 109: error: - 12: syntax error in expression (error token is ": - 12")
error in runCycle for line 385. skipping.
./calcSMAPE: line 109: error: - 13: syntax error in expression (error token is ": - 13")
error in runCycle for line 386. skipping.
./calcSMAPE: line 109: error: - 15: syntax error in expression (error token is ": - 15")
error in runCycle for line 387. skipping.
./calcSMAPE: line 109: error: - 15: syntax error in expression (error token is ": - 15")
error in runCycle for line 388. skipping.
./calcSMAPE: line 109: error: - 16: syntax error in expression (error token is ": - 16")
error in runCycle for line 389. skipping.
./calcSMAPE: line 109: error: - 36: syntax error in expression (error token is ": - 36")
error in runCycle for line 420. skipping.
./calcSMAPE: line 109: error: - 33: syntax error in expression (error token is ": - 33")
error in runCycle for line 421. skipping.
./calcSMAPE: line 109: error: - 39: syntax error in expression (error token is ": - 39")
error in runCycle for line 422. skipping.
./calcSMAPE: line 109: error: - 41: syntax error in expression (error token is ": - 41")
error in runCycle for line 423. skipping.
./calcSMAPE: line 109: error: - 45: syntax error in expression (error token is ": - 45")
error in runCycle for line 424. skipping.
./calcSMAPE: line 109: error: - 44: syntax error in expression (error token is ": - 44")
error in runCycle for line 425. skipping.
./calcSMAPE: line 109: error: - 39: syntax error in expression (error token is ": - 39")
error in runCycle for line 426. skipping.
./calcSMAPE: line 109: error: - 36: syntax error in expression (error token is ": - 36")
error in runCycle for line 427. skipping.
./calcSMAPE: line 109: error: - 42: syntax error in expression (error token is ": - 42")
error in runCycle for line 428. skipping.
./calcSMAPE: line 109: error: - 42: syntax error in expression (error token is ": - 42")
error in runCycle for line 429. skipping.
./calcSMAPE: line 109: error: - 18: syntax error in expression (error token is ": - 18")
error in runCycle for line 520. skipping.
./calcSMAPE: line 109: error: - 24: syntax error in expression (error token is ": - 24")
error in runCycle for line 521. skipping.
./calcSMAPE: line 109: error: - 22: syntax error in expression (error token is ": - 22")
error in runCycle for line 522. skipping.
./calcSMAPE: line 109: error: - 19: syntax error in expression (error token is ": - 19")
error in runCycle for line 523. skipping.
./calcSMAPE: line 109: error: - 17: syntax error in expression (error token is ": - 17")
error in runCycle for line 524. skipping.
./calcSMAPE: line 109: error: - 17: syntax error in expression (error token is ": - 17")
error in runCycle for line 525. skipping.
./calcSMAPE: line 109: error: - 22: syntax error in expression (error token is ": - 22")
error in runCycle for line 526. skipping.
./calcSMAPE: line 109: error: - 18: syntax error in expression (error token is ": - 18")
error in runCycle for line 527. skipping.
./calcSMAPE: line 109: error: - 15: syntax error in expression (error token is ": - 15")
error in runCycle for line 528. skipping.
./calcSMAPE: line 109: error: - 18: syntax error in expression (error token is ": - 18")
error in runCycle for line 529. skipping.
./calcSMAPE: line 109: error: - 38: syntax error in expression (error token is ": - 38")
error in runCycle for line 570. skipping.
./calcSMAPE: line 109: error: - 34: syntax error in expression (error token is ": - 34")
error in runCycle for line 571. skipping.
./calcSMAPE: line 109: error: - 37: syntax error in expression (error token is ": - 37")
error in runCycle for line 572. skipping.
./calcSMAPE: line 109: error: - 61: syntax error in expression (error token is ": - 61")
error in runCycle for line 573. skipping.
./calcSMAPE: line 109: error: - 46: syntax error in expression (error token is ": - 46")
error in runCycle for line 574. skipping.
./calcSMAPE: line 109: error: - 43: syntax error in expression (error token is ": - 43")
error in runCycle for line 575. skipping.
./calcSMAPE: line 109: error: - 43: syntax error in expression (error token is ": - 43")
error in runCycle for line 576. skipping.
./calcSMAPE: line 109: error: - 47: syntax error in expression (error token is ": - 47")
error in runCycle for line 577. skipping.
./calcSMAPE: line 109: error: - 45: syntax error in expression (error token is ": - 45")
error in runCycle for line 578. skipping.
./calcSMAPE: line 109: error: - 51: syntax error in expression (error token is ": - 51")
error in runCycle for line 579. skipping.
./calcSMAPE: line 109: error: - 36: syntax error in expression (error token is ": - 36")
error in runCycle for line 610. skipping.
./calcSMAPE: line 109: error: - 39: syntax error in expression (error token is ": - 39")
error in runCycle for line 611. skipping.
./calcSMAPE: line 109: error: - 38: syntax error in expression (error token is ": - 38")
error in runCycle for line 612. skipping.
./calcSMAPE: line 109: error: - 40: syntax error in expression (error token is ": - 40")
error in runCycle for line 613. skipping.
./calcSMAPE: line 109: error: - 47: syntax error in expression (error token is ": - 47")
error in runCycle for line 614. skipping.
./calcSMAPE: line 109: error: - 45: syntax error in expression (error token is ": - 45")
error in runCycle for line 615. skipping.
./calcSMAPE: line 109: error: - 42: syntax error in expression (error token is ": - 42")
error in runCycle for line 616. skipping.
./calcSMAPE: line 109: error: - 44: syntax error in expression (error token is ": - 44")
error in runCycle for line 617. skipping.
./calcSMAPE: line 109: error: - 46: syntax error in expression (error token is ": - 46")
error in runCycle for line 618. skipping.
./calcSMAPE: line 109: error: - 52: syntax error in expression (error token is ": - 52")
error in runCycle for line 619. skipping.
./calcSMAPE: line 109: error: - 44: syntax error in expression (error token is ": - 44")
error in runCycle for line 620. skipping.
./calcSMAPE: line 109: error: - 46: syntax error in expression (error token is ": - 46")
error in runCycle for line 630. skipping.
./calcSMAPE: line 109: error: - 42: syntax error in expression (error token is ": - 42")
error in runCycle for line 631. skipping.
./calcSMAPE: line 109: error: - 42: syntax error in expression (error token is ": - 42")
error in runCycle for line 632. skipping.
./calcSMAPE: line 109: error: - 40: syntax error in expression (error token is ": - 40")
error in runCycle for line 633. skipping.
./calcSMAPE: line 109: error: - 43: syntax error in expression (error token is ": - 43")
error in runCycle for line 634. skipping.
./calcSMAPE: line 109: error: - 47: syntax error in expression (error token is ": - 47")
error in runCycle for line 635. skipping.
./calcSMAPE: line 109: error: - 48: syntax error in expression (error token is ": - 48")
error in runCycle for line 636. skipping.
./calcSMAPE: line 109: error: - 49: syntax error in expression (error token is ": - 49")
error in runCycle for line 637. skipping.
./calcSMAPE: line 109: error: - 46: syntax error in expression (error token is ": - 46")
error in runCycle for line 638. skipping.
./calcSMAPE: line 109: error: - 42: syntax error in expression (error token is ": - 42")
error in runCycle for line 639. skipping.
./calcSMAPE: line 109: error: - 35: syntax error in expression (error token is ": - 35")
error in runCycle for line 660. skipping.
./calcSMAPE: line 109: error: - 33: syntax error in expression (error token is ": - 33")
error in runCycle for line 661. skipping.
./calcSMAPE: line 109: error: - 36: syntax error in expression (error token is ": - 36")
error in runCycle for line 662. skipping.
./calcSMAPE: line 109: error: - 38: syntax error in expression (error token is ": - 38")
error in runCycle for line 663. skipping.
./calcSMAPE: line 109: error: - 34: syntax error in expression (error token is ": - 34")
error in runCycle for line 664. skipping.
./calcSMAPE: line 109: error: - 32: syntax error in expression (error token is ": - 32")
error in runCycle for line 665. skipping.
./calcSMAPE: line 109: error: - 44: syntax error in expression (error token is ": - 44")
error in runCycle for line 666. skipping.
./calcSMAPE: line 109: error: - 51: syntax error in expression (error token is ": - 51")
error in runCycle for line 667. skipping.
./calcSMAPE: line 109: error: - 27: syntax error in expression (error token is ": - 27")
error in runCycle for line 668. skipping.
./calcSMAPE: line 109: error: - 28: syntax error in expression (error token is ": - 28")
error in runCycle for line 669. skipping.
./calcSMAPE: line 109: error: - 18: syntax error in expression (error token is ": - 18")
error in runCycle for line 710. skipping.
./calcSMAPE: line 109: error: - 18: syntax error in expression (error token is ": - 18")
error in runCycle for line 711. skipping.
./calcSMAPE: line 109: error: - 19: syntax error in expression (error token is ": - 19")
error in runCycle for line 712. skipping.
./calcSMAPE: line 109: error: - 20: syntax error in expression (error token is ": - 20")
error in runCycle for line 713. skipping.
./calcSMAPE: line 109: error: - 19: syntax error in expression (error token is ": - 19")
error in runCycle for line 714. skipping.
./calcSMAPE: line 109: error: - 19: syntax error in expression (error token is ": - 19")
error in runCycle for line 715. skipping.
./calcSMAPE: line 109: error: - 21: syntax error in expression (error token is ": - 21")
error in runCycle for line 716. skipping.
./calcSMAPE: line 109: error: - 21: syntax error in expression (error token is ": - 21")
error in runCycle for line 717. skipping.
./calcSMAPE: line 109: error: - 20: syntax error in expression (error token is ": - 20")
error in runCycle for line 718. skipping.
./calcSMAPE: line 109: error: - 22: syntax error in expression (error token is ": - 22")
error in runCycle for line 719. skipping.
./calcSMAPE: line 109: error: - 44: syntax error in expression (error token is ": - 44")
error in runCycle for line 800. skipping.
./calcSMAPE: line 109: error: - 45: syntax error in expression (error token is ": - 45")
error in runCycle for line 801. skipping.
./calcSMAPE: line 109: error: - 41: syntax error in expression (error token is ": - 41")
error in runCycle for line 802. skipping.
./calcSMAPE: line 109: error: - 33: syntax error in expression (error token is ": - 33")
error in runCycle for line 803. skipping.
./calcSMAPE: line 109: error: - 32: syntax error in expression (error token is ": - 32")
error in runCycle for line 804. skipping.
./calcSMAPE: line 109: error: - 32: syntax error in expression (error token is ": - 32")
error in runCycle for line 805. skipping.
./calcSMAPE: line 109: error: - 32: syntax error in expression (error token is ": - 32")
error in runCycle for line 806. skipping.
./calcSMAPE: line 109: error: - 31: syntax error in expression (error token is ": - 31")
error in runCycle for line 807. skipping.
./calcSMAPE: line 109: error: - 29: syntax error in expression (error token is ": - 29")
error in runCycle for line 808. skipping.
./calcSMAPE: line 109: error: - 26: syntax error in expression (error token is ": - 26")
error in runCycle for line 809. skipping.
./calcSMAPE: line 109: error: - 35: syntax error in expression (error token is ": - 35")
error in runCycle for line 870. skipping.
./calcSMAPE: line 109: error: - 32: syntax error in expression (error token is ": - 32")
error in runCycle for line 871. skipping.
./calcSMAPE: line 109: error: - 31: syntax error in expression (error token is ": - 31")
error in runCycle for line 872. skipping.
./calcSMAPE: line 109: error: - 36: syntax error in expression (error token is ": - 36")
error in runCycle for line 873. skipping.
./calcSMAPE: line 109: error: - 29: syntax error in expression (error token is ": - 29")
error in runCycle for line 874. skipping.
./calcSMAPE: line 109: error: - 30: syntax error in expression (error token is ": - 30")
error in runCycle for line 875. skipping.
./calcSMAPE: line 109: error: - 30: syntax error in expression (error token is ": - 30")
error in runCycle for line 876. skipping.
./calcSMAPE: line 109: error: - 30: syntax error in expression (error token is ": - 30")
error in runCycle for line 877. skipping.
./calcSMAPE: line 109: error: - 31: syntax error in expression (error token is ": - 31")
error in runCycle for line 878. skipping.
./calcSMAPE: line 109: error: - 33: syntax error in expression (error token is ": - 33")
error in runCycle for line 879. skipping.
./calcSMAPE: line 109: error: - 33: syntax error in expression (error token is ": - 33")
error in runCycle for line 880. skipping.
./calcSMAPE: line 109: error: - 41: syntax error in expression (error token is ": - 41")
error in runCycle for line 900. skipping.
./calcSMAPE: line 109: error: - 50: syntax error in expression (error token is ": - 50")
error in runCycle for line 901. skipping.
./calcSMAPE: line 109: error: - 56: syntax error in expression (error token is ": - 56")
error in runCycle for line 902. skipping.
./calcSMAPE: line 109: error: - 50: syntax error in expression (error token is ": - 50")
error in runCycle for line 903. skipping.
./calcSMAPE: line 109: error: - 43: syntax error in expression (error token is ": - 43")
error in runCycle for line 904. skipping.
./calcSMAPE: line 109: error: - 43: syntax error in expression (error token is ": - 43")
error in runCycle for line 905. skipping.
./calcSMAPE: line 109: error: - 46: syntax error in expression (error token is ": - 46")
error in runCycle for line 906. skipping.
./calcSMAPE: line 109: error: - 47: syntax error in expression (error token is ": - 47")
error in runCycle for line 907. skipping.
./calcSMAPE: line 109: error: - 45: syntax error in expression (error token is ": - 45")
error in runCycle for line 908. skipping.
./calcSMAPE: line 109: error: - 46: syntax error in expression (error token is ": - 46")
error in runCycle for line 909. skipping.
./calcSMAPE: line 109: error: - 60: syntax error in expression (error token is ": - 60")
error in runCycle for line 930. skipping.
./calcSMAPE: line 109: error: - 61: syntax error in expression (error token is ": - 61")
error in runCycle for line 931. skipping.
./calcSMAPE: line 109: error: - 68: syntax error in expression (error token is ": - 68")
error in runCycle for line 932. skipping.
./calcSMAPE: line 109: error: - 71: syntax error in expression (error token is ": - 71")
error in runCycle for line 933. skipping.
./calcSMAPE: line 109: error: - 73: syntax error in expression (error token is ": - 73")
error in runCycle for line 934. skipping.
./calcSMAPE: line 109: error: - 72: syntax error in expression (error token is ": - 72")
error in runCycle for line 935. skipping.
./calcSMAPE: line 109: error: - 67: syntax error in expression (error token is ": - 67")
error in runCycle for line 936. skipping.
./calcSMAPE: line 109: error: - 65: syntax error in expression (error token is ": - 65")
error in runCycle for line 937. skipping.
./calcSMAPE: line 109: error: - 68: syntax error in expression (error token is ": - 68")
error in runCycle for line 938. skipping.
./calcSMAPE: line 109: error: - 60: syntax error in expression (error token is ": - 60")
error in runCycle for line 939. skipping.
./calcSMAPE: line 109: error: - 40: syntax error in expression (error token is ": - 40")
error in runCycle for line 1000. skipping.
./calcSMAPE: line 109: error: - 42: syntax error in expression (error token is ": - 42")
error in runCycle for line 1001. skipping.
./calcSMAPE: line 109: error: - 40: syntax error in expression (error token is ": - 40")
error in runCycle for line 1002. skipping.
./calcSMAPE: line 109: error: - 45: syntax error in expression (error token is ": - 45")
error in runCycle for line 1003. skipping.
./calcSMAPE: line 109: error: - 44: syntax error in expression (error token is ": - 44")
error in runCycle for line 1004. skipping.
./calcSMAPE: line 109: error: - 44: syntax error in expression (error token is ": - 44")
error in runCycle for line 1005. skipping.
./calcSMAPE: line 109: error: - 41: syntax error in expression (error token is ": - 41")
error in runCycle for line 1006. skipping.
./calcSMAPE: line 109: error: - 41: syntax error in expression (error token is ": - 41")
error in runCycle for line 1007. skipping.
./calcSMAPE: line 109: error: - 48: syntax error in expression (error token is ": - 48")
error in runCycle for line 1008. skipping.
./calcSMAPE: line 109: error: - 43: syntax error in expression (error token is ": - 43")
error in runCycle for line 1009. skipping.
./calcSMAPE: line 109: error: - 51: syntax error in expression (error token is ": - 51")
error in runCycle for line 1060. skipping.
./calcSMAPE: line 109: error: - 51: syntax error in expression (error token is ": - 51")
error in runCycle for line 1061. skipping.
./calcSMAPE: line 109: error: - 53: syntax error in expression (error token is ": - 53")
error in runCycle for line 1062. skipping.
./calcSMAPE: line 109: error: - 55: syntax error in expression (error token is ": - 55")
error in runCycle for line 1063. skipping.
./calcSMAPE: line 109: error: - 57: syntax error in expression (error token is ": - 57")
error in runCycle for line 1064. skipping.
./calcSMAPE: line 109: error: - 68: syntax error in expression (error token is ": - 68")
error in runCycle for line 1065. skipping.
./calcSMAPE: line 109: error: - 77: syntax error in expression (error token is ": - 77")
error in runCycle for line 1066. skipping.
./calcSMAPE: line 109: error: - 80: syntax error in expression (error token is ": - 80")
error in runCycle for line 1067. skipping.
./calcSMAPE: line 109: error: - 53: syntax error in expression (error token is ": - 53")
error in runCycle for line 1068. skipping.
./calcSMAPE: line 109: error: - 58: syntax error in expression (error token is ": - 58")
error in runCycle for line 1069. skipping.
./calcSMAPE: line 109: error: - 31: syntax error in expression (error token is ": - 31")
error in runCycle for line 1100. skipping.
./calcSMAPE: line 109: error: - 32: syntax error in expression (error token is ": - 32")
error in runCycle for line 1101. skipping.
./calcSMAPE: line 109: error: - 30: syntax error in expression (error token is ": - 30")
error in runCycle for line 1102. skipping.
./calcSMAPE: line 109: error: - 29: syntax error in expression (error token is ": - 29")
error in runCycle for line 1103. skipping.
./calcSMAPE: line 109: error: - 29: syntax error in expression (error token is ": - 29")
error in runCycle for line 1104. skipping.
./calcSMAPE: line 109: error: - 27: syntax error in expression (error token is ": - 27")
error in runCycle for line 1105. skipping.
./calcSMAPE: line 109: error: - 24: syntax error in expression (error token is ": - 24")
error in runCycle for line 1106. skipping.
./calcSMAPE: line 109: error: - 23: syntax error in expression (error token is ": - 23")
error in runCycle for line 1107. skipping.
./calcSMAPE: line 109: error: - 21: syntax error in expression (error token is ": - 21")
error in runCycle for line 1108. skipping.
./calcSMAPE: line 109: error: - 18: syntax error in expression (error token is ": - 18")
error in runCycle for line 1109. skipping.
./calcSMAPE: line 109: error: - 47: syntax error in expression (error token is ": - 47")
error in runCycle for line 1150. skipping.
./calcSMAPE: line 109: error: - 52: syntax error in expression (error token is ": - 52")
error in runCycle for line 1151. skipping.
./calcSMAPE: line 109: error: - 54: syntax error in expression (error token is ": - 54")
error in runCycle for line 1152. skipping.
./calcSMAPE: line 109: error: - 53: syntax error in expression (error token is ": - 53")
error in runCycle for line 1153. skipping.
./calcSMAPE: line 109: error: - 59: syntax error in expression (error token is ": - 59")
error in runCycle for line 1154. skipping.
./calcSMAPE: line 109: error: - 62: syntax error in expression (error token is ": - 62")
error in runCycle for line 1155. skipping.
./calcSMAPE: line 109: error: - 67: syntax error in expression (error token is ": - 67")
error in runCycle for line 1156. skipping.
./calcSMAPE: line 109: error: - 63: syntax error in expression (error token is ": - 63")
error in runCycle for line 1157. skipping.
./calcSMAPE: line 109: error: - 62: syntax error in expression (error token is ": - 62")
error in runCycle for line 1158. skipping.
./calcSMAPE: line 109: error: - 56: syntax error in expression (error token is ": - 56")
error in runCycle for line 1159. skipping.
./calcSMAPE: line 109: error: - 67: syntax error in expression (error token is ": - 67")
error in runCycle for line 1200. skipping.
./calcSMAPE: line 109: error: - 67: syntax error in expression (error token is ": - 67")
error in runCycle for line 1201. skipping.
./calcSMAPE: line 109: error: - 71: syntax error in expression (error token is ": - 71")
error in runCycle for line 1202. skipping.
./calcSMAPE: line 109: error: - 83: syntax error in expression (error token is ": - 83")
error in runCycle for line 1203. skipping.
./calcSMAPE: line 109: error: - 84: syntax error in expression (error token is ": - 84")
error in runCycle for line 1204. skipping.
./calcSMAPE: line 109: error: - 99: syntax error in expression (error token is ": - 99")
error in runCycle for line 1205. skipping.
./calcSMAPE: line 109: error: - 95: syntax error in expression (error token is ": - 95")
error in runCycle for line 1206. skipping.
./calcSMAPE: line 109: error: - 68: syntax error in expression (error token is ": - 68")
error in runCycle for line 1207. skipping.
./calcSMAPE: line 109: error: - 62: syntax error in expression (error token is ": - 62")
error in runCycle for line 1208. skipping.
./calcSMAPE: line 109: error: - 67: syntax error in expression (error token is ": - 67")
error in runCycle for line 1209. skipping.
./calcSMAPE: line 109: error: - 70: syntax error in expression (error token is ": - 70")
error in runCycle for line 1230. skipping.
./calcSMAPE: line 109: error: - 61: syntax error in expression (error token is ": - 61")
error in runCycle for line 1231. skipping.
./calcSMAPE: line 109: error: - 66: syntax error in expression (error token is ": - 66")
error in runCycle for line 1232. skipping.
./calcSMAPE: line 109: error: - 65: syntax error in expression (error token is ": - 65")
error in runCycle for line 1233. skipping.
./calcSMAPE: line 109: error: - 59: syntax error in expression (error token is ": - 59")
error in runCycle for line 1234. skipping.
./calcSMAPE: line 109: error: - 52: syntax error in expression (error token is ": - 52")
error in runCycle for line 1235. skipping.
./calcSMAPE: line 109: error: - 61: syntax error in expression (error token is ": - 61")
error in runCycle for line 1236. skipping.
./calcSMAPE: line 109: error: - 59: syntax error in expression (error token is ": - 59")
error in runCycle for line 1237. skipping.
./calcSMAPE: line 109: error: - 36: syntax error in expression (error token is ": - 36")
error in runCycle for line 1238. skipping.
./calcSMAPE: line 109: error: - 36: syntax error in expression (error token is ": - 36")
error in runCycle for line 1239. skipping.
./calcSMAPE: line 109: error: - 41: syntax error in expression (error token is ": - 41")
error in runCycle for line 1290. skipping.
./calcSMAPE: line 109: error: - 48: syntax error in expression (error token is ": - 48")
error in runCycle for line 1291. skipping.
./calcSMAPE: line 109: error: - 46: syntax error in expression (error token is ": - 46")
error in runCycle for line 1292. skipping.
./calcSMAPE: line 109: error: - 47: syntax error in expression (error token is ": - 47")
error in runCycle for line 1293. skipping.
./calcSMAPE: line 109: error: - 55: syntax error in expression (error token is ": - 55")
error in runCycle for line 1294. skipping.
./calcSMAPE: line 109: error: - 58: syntax error in expression (error token is ": - 58")
error in runCycle for line 1295. skipping.
./calcSMAPE: line 109: error: - 54: syntax error in expression (error token is ": - 54")
error in runCycle for line 1296. skipping.
./calcSMAPE: line 109: error: - 51: syntax error in expression (error token is ": - 51")
error in runCycle for line 1297. skipping.
./calcSMAPE: line 109: error: - 60: syntax error in expression (error token is ": - 60")
error in runCycle for line 1298. skipping.
./calcSMAPE: line 109: error: - 64: syntax error in expression (error token is ": - 64")
error in runCycle for line 1299. skipping.
./calcSMAPE: line 109: error: - 51: syntax error in expression (error token is ": - 51")
error in runCycle for line 1350. skipping.
./calcSMAPE: line 109: error: - 53: syntax error in expression (error token is ": - 53")
error in runCycle for line 1351. skipping.
./calcSMAPE: line 109: error: - 53: syntax error in expression (error token is ": - 53")
error in runCycle for line 1352. skipping.
./calcSMAPE: line 109: error: - 51: syntax error in expression (error token is ": - 51")
error in runCycle for line 1353. skipping.
./calcSMAPE: line 109: error: - 56: syntax error in expression (error token is ": - 56")
error in runCycle for line 1354. skipping.
./calcSMAPE: line 109: error: - 56: syntax error in expression (error token is ": - 56")
error in runCycle for line 1355. skipping.
./calcSMAPE: line 109: error: - 60: syntax error in expression (error token is ": - 60")
error in runCycle for line 1356. skipping.
./calcSMAPE: line 109: error: - 61: syntax error in expression (error token is ": - 61")
error in runCycle for line 1357. skipping.
./calcSMAPE: line 109: error: - 56: syntax error in expression (error token is ": - 56")
error in runCycle for line 1358. skipping.
./calcSMAPE: line 109: error: - 62: syntax error in expression (error token is ": - 62")
error in runCycle for line 1359. skipping.
./calcSMAPE: line 109: error: - 19: syntax error in expression (error token is ": - 19")
error in runCycle for line 1390. skipping.
./calcSMAPE: line 109: error: - 20: syntax error in expression (error token is ": - 20")
error in runCycle for line 1391. skipping.
./calcSMAPE: line 109: error: - 19: syntax error in expression (error token is ": - 19")
error in runCycle for line 1392. skipping.
./calcSMAPE: line 109: error: - 19: syntax error in expression (error token is ": - 19")
error in runCycle for line 1393. skipping.
./calcSMAPE: line 109: error: - 19: syntax error in expression (error token is ": - 19")
error in runCycle for line 1394. skipping.
./calcSMAPE: line 109: error: - 20: syntax error in expression (error token is ": - 20")
error in runCycle for line 1395. skipping.
./calcSMAPE: line 109: error: - 18: syntax error in expression (error token is ": - 18")
error in runCycle for line 1396. skipping.
./calcSMAPE: line 109: error: - 19: syntax error in expression (error token is ": - 19")
error in runCycle for line 1397. skipping.
./calcSMAPE: line 109: error: - 16: syntax error in expression (error token is ": - 16")
error in runCycle for line 1398. skipping.
./calcSMAPE: line 109: error: - 16: syntax error in expression (error token is ": - 16")
error in runCycle for line 1399. skipping.
./calcSMAPE: line 109: error: - 59: syntax error in expression (error token is ": - 59")
error in runCycle for line 1440. skipping.
./calcSMAPE: line 109: error: - 57: syntax error in expression (error token is ": - 57")
error in runCycle for line 1441. skipping.
./calcSMAPE: line 109: error: - 80: syntax error in expression (error token is ": - 80")
error in runCycle for line 1442. skipping.
./calcSMAPE: line 109: error: - 72: syntax error in expression (error token is ": - 72")
error in runCycle for line 1443. skipping.
./calcSMAPE: line 109: error: - 67: syntax error in expression (error token is ": - 67")
error in runCycle for line 1444. skipping.
./calcSMAPE: line 109: error: - 62: syntax error in expression (error token is ": - 62")
error in runCycle for line 1445. skipping.
./calcSMAPE: line 109: error: - 66: syntax error in expression (error token is ": - 66")
error in runCycle for line 1446. skipping.
./calcSMAPE: line 109: error: - 54: syntax error in expression (error token is ": - 54")
error in runCycle for line 1447. skipping.
./calcSMAPE: line 109: error: - 51: syntax error in expression (error token is ": - 51")
error in runCycle for line 1448. skipping.
./calcSMAPE: line 109: error: - 59: syntax error in expression (error token is ": - 59")
error in runCycle for line 1449. skipping.
./calcSMAPE: line 109: error: - 60: syntax error in expression (error token is ": - 60")
error in runCycle for line 1480. skipping.
./calcSMAPE: line 109: error: - 53: syntax error in expression (error token is ": - 53")
error in runCycle for line 1481. skipping.
./calcSMAPE: line 109: error: - 42: syntax error in expression (error token is ": - 42")
error in runCycle for line 1482. skipping.
./calcSMAPE: line 109: error: - 41: syntax error in expression (error token is ": - 41")
error in runCycle for line 1483. skipping.
./calcSMAPE: line 109: error: - 42: syntax error in expression (error token is ": - 42")
error in runCycle for line 1484. skipping.
./calcSMAPE: line 109: error: - 46: syntax error in expression (error token is ": - 46")
error in runCycle for line 1485. skipping.
./calcSMAPE: line 109: error: - 50: syntax error in expression (error token is ": - 50")
error in runCycle for line 1486. skipping.
./calcSMAPE: line 109: error: - 45: syntax error in expression (error token is ": - 45")
error in runCycle for line 1487. skipping.
./calcSMAPE: line 109: error: - 48: syntax error in expression (error token is ": - 48")
error in runCycle for line 1488. skipping.
./calcSMAPE: line 109: error: - 44: syntax error in expression (error token is ": - 44")
error in runCycle for line 1489. skipping.
./calcSMAPE: line 109: error: - 37: syntax error in expression (error token is ": - 37")
error in runCycle for line 1520. skipping.
./calcSMAPE: line 109: error: - 45: syntax error in expression (error token is ": - 45")
error in runCycle for line 1521. skipping.
./calcSMAPE: line 109: error: - 47: syntax error in expression (error token is ": - 47")
error in runCycle for line 1522. skipping.
./calcSMAPE: line 109: error: - 44: syntax error in expression (error token is ": - 44")
error in runCycle for line 1523. skipping.
./calcSMAPE: line 109: error: - 44: syntax error in expression (error token is ": - 44")
error in runCycle for line 1524. skipping.
./calcSMAPE: line 109: error: - 43: syntax error in expression (error token is ": - 43")
error in runCycle for line 1525. skipping.
./calcSMAPE: line 109: error: - 44: syntax error in expression (error token is ": - 44")
error in runCycle for line 1526. skipping.
./calcSMAPE: line 109: error: - 37: syntax error in expression (error token is ": - 37")
error in runCycle for line 1527. skipping.
./calcSMAPE: line 109: error: - 34: syntax error in expression (error token is ": - 34")
error in runCycle for line 1528. skipping.
./calcSMAPE: line 109: error: - 31: syntax error in expression (error token is ": - 31")
error in runCycle for line 1529. skipping.
./calcSMAPE: line 109: error: - 40: syntax error in expression (error token is ": - 40")
error in runCycle for line 1580. skipping.
./calcSMAPE: line 109: error: - 44: syntax error in expression (error token is ": - 44")
error in runCycle for line 1581. skipping.
./calcSMAPE: line 109: error: - 46: syntax error in expression (error token is ": - 46")
error in runCycle for line 1582. skipping.
./calcSMAPE: line 109: error: - 47: syntax error in expression (error token is ": - 47")
error in runCycle for line 1583. skipping.
./calcSMAPE: line 109: error: - 50: syntax error in expression (error token is ": - 50")
error in runCycle for line 1584. skipping.
./calcSMAPE: line 109: error: - 48: syntax error in expression (error token is ": - 48")
error in runCycle for line 1585. skipping.
./calcSMAPE: line 109: error: - 52: syntax error in expression (error token is ": - 52")
error in runCycle for line 1586. skipping.
./calcSMAPE: line 109: error: - 64: syntax error in expression (error token is ": - 64")
error in runCycle for line 1587. skipping.
./calcSMAPE: line 109: error: - 59: syntax error in expression (error token is ": - 59")
error in runCycle for line 1588. skipping.
./calcSMAPE: line 109: error: - 61: syntax error in expression (error token is ": - 61")
error in runCycle for line 1589. skipping.
./calcSMAPE: line 109: error: - 48: syntax error in expression (error token is ": - 48")
error in runCycle for line 1620. skipping.
./calcSMAPE: line 109: error: - 46: syntax error in expression (error token is ": - 46")
error in runCycle for line 1621. skipping.
./calcSMAPE: line 109: error: - 47: syntax error in expression (error token is ": - 47")
error in runCycle for line 1622. skipping.
./calcSMAPE: line 109: error: - 44: syntax error in expression (error token is ": - 44")
error in runCycle for line 1623. skipping.
./calcSMAPE: line 109: error: - 45: syntax error in expression (error token is ": - 45")
error in runCycle for line 1624. skipping.
./calcSMAPE: line 109: error: - 44: syntax error in expression (error token is ": - 44")
error in runCycle for line 1625. skipping.
./calcSMAPE: line 109: error: - 40: syntax error in expression (error token is ": - 40")
error in runCycle for line 1626. skipping.
./calcSMAPE: line 109: error: - 46: syntax error in expression (error token is ": - 46")
error in runCycle for line 1627. skipping.
./calcSMAPE: line 109: error: - 42: syntax error in expression (error token is ": - 42")
error in runCycle for line 1628. skipping.
./calcSMAPE: line 109: error: - 37: syntax error in expression (error token is ": - 37")
error in runCycle for line 1629. skipping.
./calcSMAPE: line 109: error: - 41: syntax error in expression (error token is ": - 41")
error in runCycle for line 1640. skipping.
./calcSMAPE: line 109: error: - 45: syntax error in expression (error token is ": - 45")
error in runCycle for line 1641. skipping.
./calcSMAPE: line 109: error: - 42: syntax error in expression (error token is ": - 42")
error in runCycle for line 1642. skipping.
./calcSMAPE: line 109: error: - 40: syntax error in expression (error token is ": - 40")
error in runCycle for line 1643. skipping.
./calcSMAPE: line 109: error: - 37: syntax error in expression (error token is ": - 37")
error in runCycle for line 1644. skipping.
./calcSMAPE: line 109: error: - 40: syntax error in expression (error token is ": - 40")
error in runCycle for line 1645. skipping.
./calcSMAPE: line 109: error: - 43: syntax error in expression (error token is ": - 43")
error in runCycle for line 1646. skipping.
./calcSMAPE: line 109: error: - 45: syntax error in expression (error token is ": - 45")
error in runCycle for line 1647. skipping.
./calcSMAPE: line 109: error: - 45: syntax error in expression (error token is ": - 45")
error in runCycle for line 1648. skipping.
./calcSMAPE: line 109: error: - 46: syntax error in expression (error token is ": - 46")
error in runCycle for line 1649. skipping.
./calcSMAPE: line 109: error: - 57: syntax error in expression (error token is ": - 57")
error in runCycle for line 1660. skipping.
./calcSMAPE: line 109: error: - 47: syntax error in expression (error token is ": - 47")
error in runCycle for line 1661. skipping.
./calcSMAPE: line 109: error: - 46: syntax error in expression (error token is ": - 46")
error in runCycle for line 1662. skipping.
./calcSMAPE: line 109: error: - 46: syntax error in expression (error token is ": - 46")
error in runCycle for line 1663. skipping.
./calcSMAPE: line 109: error: - 47: syntax error in expression (error token is ": - 47")
error in runCycle for line 1664. skipping.
./calcSMAPE: line 109: error: - 51: syntax error in expression (error token is ": - 51")
error in runCycle for line 1665. skipping.
./calcSMAPE: line 109: error: - 51: syntax error in expression (error token is ": - 51")
error in runCycle for line 1666. skipping.
./calcSMAPE: line 109: error: - 43: syntax error in expression (error token is ": - 43")
error in runCycle for line 1667. skipping.
./calcSMAPE: line 109: error: - 43: syntax error in expression (error token is ": - 43")
error in runCycle for line 1668. skipping.
./calcSMAPE: line 109: error: - 36: syntax error in expression (error token is ": - 36")
error in runCycle for line 1669. skipping.
./calcSMAPE: line 109: error: - 29: syntax error in expression (error token is ": - 29")
error in runCycle for line 1680. skipping.
./calcSMAPE: line 109: error: - 20: syntax error in expression (error token is ": - 20")
error in runCycle for line 1681. skipping.
./calcSMAPE: line 109: error: - 21: syntax error in expression (error token is ": - 21")
error in runCycle for line 1682. skipping.
./calcSMAPE: line 109: error: - 30: syntax error in expression (error token is ": - 30")
error in runCycle for line 1683. skipping.
./calcSMAPE: line 109: error: - 35: syntax error in expression (error token is ": - 35")
error in runCycle for line 1684. skipping.
./calcSMAPE: line 109: error: - 29: syntax error in expression (error token is ": - 29")
error in runCycle for line 1685. skipping.
./calcSMAPE: line 109: error: - 28: syntax error in expression (error token is ": - 28")
error in runCycle for line 1686. skipping.
./calcSMAPE: line 109: error: - 29: syntax error in expression (error token is ": - 29")
error in runCycle for line 1687. skipping.
./calcSMAPE: line 109: error: - 27: syntax error in expression (error token is ": - 27")
error in runCycle for line 1688. skipping.
./calcSMAPE: line 109: error: - 31: syntax error in expression (error token is ": - 31")
error in runCycle for line 1689. skipping.
./calcSMAPE: line 109: error: - 17: syntax error in expression (error token is ": - 17")
error in runCycle for line 1700. skipping.
./calcSMAPE: line 109: error: - 18: syntax error in expression (error token is ": - 18")
error in runCycle for line 1701. skipping.
./calcSMAPE: line 109: error: - 13: syntax error in expression (error token is ": - 13")
error in runCycle for line 1702. skipping.
./calcSMAPE: line 109: error: - 11: syntax error in expression (error token is ": - 11")
error in runCycle for line 1703. skipping.
./calcSMAPE: line 109: error: - 11: syntax error in expression (error token is ": - 11")
error in runCycle for line 1704. skipping.
./calcSMAPE: line 109: error: - 10: syntax error in expression (error token is ": - 10")
error in runCycle for line 1705. skipping.
./calcSMAPE: line 109: error: - 10: syntax error in expression (error token is ": - 10")
error in runCycle for line 1706. skipping.
./calcSMAPE: line 109: error: - 10: syntax error in expression (error token is ": - 10")
error in runCycle for line 1707. skipping.
./calcSMAPE: line 109: error: - 11: syntax error in expression (error token is ": - 11")
error in runCycle for line 1708. skipping.
./calcSMAPE: line 109: error: - 10: syntax error in expression (error token is ": - 10")
error in runCycle for line 1709. skipping.
./calcSMAPE: line 109: error: - 33: syntax error in expression (error token is ": - 33")
error in runCycle for line 1730. skipping.
./calcSMAPE: line 109: error: - 33: syntax error in expression (error token is ": - 33")
error in runCycle for line 1731. skipping.
./calcSMAPE: line 109: error: - 37: syntax error in expression (error token is ": - 37")
error in runCycle for line 1732. skipping.
./calcSMAPE: line 109: error: - 35: syntax error in expression (error token is ": - 35")
error in runCycle for line 1733. skipping.
./calcSMAPE: line 109: error: - 37: syntax error in expression (error token is ": - 37")
error in runCycle for line 1734. skipping.
./calcSMAPE: line 109: error: - 37: syntax error in expression (error token is ": - 37")
error in runCycle for line 1735. skipping.
./calcSMAPE: line 109: error: - 35: syntax error in expression (error token is ": - 35")
error in runCycle for line 1736. skipping.
./calcSMAPE: line 109: error: - 35: syntax error in expression (error token is ": - 35")
error in runCycle for line 1737. skipping.
./calcSMAPE: line 109: error: - 34: syntax error in expression (error token is ": - 34")
error in runCycle for line 1738. skipping.
./calcSMAPE: line 109: error: - 35: syntax error in expression (error token is ": - 35")
error in runCycle for line 1739. skipping.
./calcSMAPE: line 109: error: - 35: syntax error in expression (error token is ": - 35")
error in runCycle for line 1740. skipping.
./calcSMAPE: line 109: error: - 54: syntax error in expression (error token is ": - 54")
error in runCycle for line 1800. skipping.
./calcSMAPE: line 109: error: - 51: syntax error in expression (error token is ": - 51")
error in runCycle for line 1801. skipping.
./calcSMAPE: line 109: error: - 60: syntax error in expression (error token is ": - 60")
error in runCycle for line 1802. skipping.
./calcSMAPE: line 109: error: - 71: syntax error in expression (error token is ": - 71")
error in runCycle for line 1803. skipping.
./calcSMAPE: line 109: error: - 72: syntax error in expression (error token is ": - 72")
error in runCycle for line 1804. skipping.
./calcSMAPE: line 109: error: - 53: syntax error in expression (error token is ": - 53")
error in runCycle for line 1805. skipping.
./calcSMAPE: line 109: error: - 64: syntax error in expression (error token is ": - 64")
error in runCycle for line 1806. skipping.
./calcSMAPE: line 109: error: - 52: syntax error in expression (error token is ": - 52")
error in runCycle for line 1807. skipping.
./calcSMAPE: line 109: error: - 53: syntax error in expression (error token is ": - 53")
error in runCycle for line 1808. skipping.
./calcSMAPE: line 109: error: - 51: syntax error in expression (error token is ": - 51")
error in runCycle for line 1809. skipping.
./calcSMAPE: line 109: error: - 18: syntax error in expression (error token is ": - 18")
error in runCycle for line 1860. skipping.
./calcSMAPE: line 109: error: - 15: syntax error in expression (error token is ": - 15")
error in runCycle for line 1861. skipping.
./calcSMAPE: line 109: error: - 16: syntax error in expression (error token is ": - 16")
error in runCycle for line 1862. skipping.
./calcSMAPE: line 109: error: - 16: syntax error in expression (error token is ": - 16")
error in runCycle for line 1863. skipping.
./calcSMAPE: line 109: error: - 15: syntax error in expression (error token is ": - 15")
error in runCycle for line 1864. skipping.
./calcSMAPE: line 109: error: - 16: syntax error in expression (error token is ": - 16")
error in runCycle for line 1865. skipping.
./calcSMAPE: line 109: error: - 18: syntax error in expression (error token is ": - 18")
error in runCycle for line 1866. skipping.
./calcSMAPE: line 109: error: - 18: syntax error in expression (error token is ": - 18")
error in runCycle for line 1867. skipping.
./calcSMAPE: line 109: error: - 21: syntax error in expression (error token is ": - 21")
error in runCycle for line 1868. skipping.
./calcSMAPE: line 109: error: - 22: syntax error in expression (error token is ": - 22")
error in runCycle for line 1869. skipping.
./calcSMAPE: line 109: error: - 41: syntax error in expression (error token is ": - 41")
error in runCycle for line 1900. skipping.
./calcSMAPE: line 109: error: - 46: syntax error in expression (error token is ": - 46")
error in runCycle for line 1901. skipping.
./calcSMAPE: line 109: error: - 40: syntax error in expression (error token is ": - 40")
error in runCycle for line 1902. skipping.
./calcSMAPE: line 109: error: - 35: syntax error in expression (error token is ": - 35")
error in runCycle for line 1903. skipping.
./calcSMAPE: line 109: error: - 39: syntax error in expression (error token is ": - 39")
error in runCycle for line 1904. skipping.
./calcSMAPE: line 109: error: - 38: syntax error in expression (error token is ": - 38")
error in runCycle for line 1905. skipping.
./calcSMAPE: line 109: error: - 37: syntax error in expression (error token is ": - 37")
error in runCycle for line 1906. skipping.
./calcSMAPE: line 109: error: - 44: syntax error in expression (error token is ": - 44")
error in runCycle for line 1907. skipping.
./calcSMAPE: line 109: error: - 43: syntax error in expression (error token is ": - 43")
error in runCycle for line 1908. skipping.
./calcSMAPE: line 109: error: - 41: syntax error in expression (error token is ": - 41")
error in runCycle for line 1909. skipping.
./calcSMAPE: line 109: error: - 58: syntax error in expression (error token is ": - 58")
error in runCycle for line 1930. skipping.
./calcSMAPE: line 109: error: - 59: syntax error in expression (error token is ": - 59")
error in runCycle for line 1931. skipping.
./calcSMAPE: line 109: error: - 56: syntax error in expression (error token is ": - 56")
error in runCycle for line 1932. skipping.
./calcSMAPE: line 109: error: - 57: syntax error in expression (error token is ": - 57")
error in runCycle for line 1933. skipping.
./calcSMAPE: line 109: error: - 57: syntax error in expression (error token is ": - 57")
error in runCycle for line 1934. skipping.
./calcSMAPE: line 109: error: - 69: syntax error in expression (error token is ": - 69")
error in runCycle for line 1935. skipping.
./calcSMAPE: line 109: error: - 69: syntax error in expression (error token is ": - 69")
error in runCycle for line 1936. skipping.
./calcSMAPE: line 109: error: - 64: syntax error in expression (error token is ": - 64")
error in runCycle for line 1937. skipping.
./calcSMAPE: line 109: error: - 62: syntax error in expression (error token is ": - 62")
error in runCycle for line 1938. skipping.
./calcSMAPE: line 109: error: - 58: syntax error in expression (error token is ": - 58")
error in runCycle for line 1939. skipping.
./calcSMAPE: line 109: error: - 31: syntax error in expression (error token is ": - 31")
error in runCycle for line 1960. skipping.
./calcSMAPE: line 109: error: - 29: syntax error in expression (error token is ": - 29")
error in runCycle for line 1961. skipping.
./calcSMAPE: line 109: error: - 25: syntax error in expression (error token is ": - 25")
error in runCycle for line 1962. skipping.
./calcSMAPE: line 109: error: - 23: syntax error in expression (error token is ": - 23")
error in runCycle for line 1963. skipping.
./calcSMAPE: line 109: error: - 26: syntax error in expression (error token is ": - 26")
error in runCycle for line 1964. skipping.
./calcSMAPE: line 109: error: - 26: syntax error in expression (error token is ": - 26")
error in runCycle for line 1965. skipping.
./calcSMAPE: line 109: error: - 25: syntax error in expression (error token is ": - 25")
error in runCycle for line 1966. skipping.
./calcSMAPE: line 109: error: - 24: syntax error in expression (error token is ": - 24")
error in runCycle for line 1967. skipping.
./calcSMAPE: line 109: error: - 22: syntax error in expression (error token is ": - 22")
error in runCycle for line 1968. skipping.
./calcSMAPE: line 109: error: - 22: syntax error in expression (error token is ": - 22")
error in runCycle for line 1969. skipping.
./calcSMAPE: line 109: error: - 49: syntax error in expression (error token is ": - 49")
error in runCycle for line 2000. skipping.
./calcSMAPE: line 109: error: - 36: syntax error in expression (error token is ": - 36")
error in runCycle for line 2001. skipping.
./calcSMAPE: line 109: error: - 40: syntax error in expression (error token is ": - 40")
error in runCycle for line 2002. skipping.
./calcSMAPE: line 109: error: - 46: syntax error in expression (error token is ": - 46")
error in runCycle for line 2003. skipping.
./calcSMAPE: line 109: error: - 39: syntax error in expression (error token is ": - 39")
error in runCycle for line 2004. skipping.
./calcSMAPE: line 109: error: - 46: syntax error in expression (error token is ": - 46")
error in runCycle for line 2005. skipping.
./calcSMAPE: line 109: error: - 41: syntax error in expression (error token is ": - 41")
error in runCycle for line 2006. skipping.
./calcSMAPE: line 109: error: - 49: syntax error in expression (error token is ": - 49")
error in runCycle for line 2007. skipping.
./calcSMAPE: line 109: error: - 49: syntax error in expression (error token is ": - 49")
error in runCycle for line 2008. skipping.
./calcSMAPE: line 109: error: - 43: syntax error in expression (error token is ": - 43")
error in runCycle for line 2009. skipping.
./calcSMAPE: line 109: error: - 49: syntax error in expression (error token is ": - 49")
error in runCycle for line 2050. skipping.
./calcSMAPE: line 109: error: - 46: syntax error in expression (error token is ": - 46")
error in runCycle for line 2051. skipping.
./calcSMAPE: line 109: error: - 48: syntax error in expression (error token is ": - 48")
error in runCycle for line 2052. skipping.
./calcSMAPE: line 109: error: - 49: syntax error in expression (error token is ": - 49")
error in runCycle for line 2053. skipping.
./calcSMAPE: line 109: error: - 55: syntax error in expression (error token is ": - 55")
error in runCycle for line 2054. skipping.
./calcSMAPE: line 109: error: - 59: syntax error in expression (error token is ": - 59")
error in runCycle for line 2055. skipping.
./calcSMAPE: line 109: error: - 55: syntax error in expression (error token is ": - 55")
error in runCycle for line 2056. skipping.
./calcSMAPE: line 109: error: - 51: syntax error in expression (error token is ": - 51")
error in runCycle for line 2057. skipping.
./calcSMAPE: line 109: error: - 45: syntax error in expression (error token is ": - 45")
error in runCycle for line 2058. skipping.
./calcSMAPE: line 109: error: - 47: syntax error in expression (error token is ": - 47")
error in runCycle for line 2059. skipping.
./calcSMAPE: line 109: error: - 81: syntax error in expression (error token is ": - 81")
error in runCycle for line 2080. skipping.
./calcSMAPE: line 109: error: - 69: syntax error in expression (error token is ": - 69")
error in runCycle for line 2081. skipping.
./calcSMAPE: line 109: error: - 72: syntax error in expression (error token is ": - 72")
error in runCycle for line 2082. skipping.
./calcSMAPE: line 109: error: - 62: syntax error in expression (error token is ": - 62")
error in runCycle for line 2083. skipping.
./calcSMAPE: line 109: error: - 60: syntax error in expression (error token is ": - 60")
error in runCycle for line 2084. skipping.
./calcSMAPE: line 109: error: - 62: syntax error in expression (error token is ": - 62")
error in runCycle for line 2085. skipping.
./calcSMAPE: line 109: error: - 61: syntax error in expression (error token is ": - 61")
error in runCycle for line 2086. skipping.
./calcSMAPE: line 109: error: - 64: syntax error in expression (error token is ": - 64")
error in runCycle for line 2087. skipping.
./calcSMAPE: line 109: error: - 56: syntax error in expression (error token is ": - 56")
error in runCycle for line 2088. skipping.
./calcSMAPE: line 109: error: - 57: syntax error in expression (error token is ": - 57")
error in runCycle for line 2089. skipping.
./calcSMAPE: line 109: error: - 17: syntax error in expression (error token is ": - 17")
error in runCycle for line 2110. skipping.
./calcSMAPE: line 109: error: - 16: syntax error in expression (error token is ": - 16")
error in runCycle for line 2111. skipping.
./calcSMAPE: line 109: error: - 15: syntax error in expression (error token is ": - 15")
error in runCycle for line 2112. skipping.
./calcSMAPE: line 109: error: - 13: syntax error in expression (error token is ": - 13")
error in runCycle for line 2113. skipping.
./calcSMAPE: line 109: error: - 13: syntax error in expression (error token is ": - 13")
error in runCycle for line 2114. skipping.
./calcSMAPE: line 109: error: - 15: syntax error in expression (error token is ": - 15")
error in runCycle for line 2115. skipping.
./calcSMAPE: line 109: error: - 17: syntax error in expression (error token is ": - 17")
error in runCycle for line 2116. skipping.
./calcSMAPE: line 109: error: - 14: syntax error in expression (error token is ": - 14")
error in runCycle for line 2117. skipping.
./calcSMAPE: line 109: error: - 13: syntax error in expression (error token is ": - 13")
error in runCycle for line 2118. skipping.
./calcSMAPE: line 109: error: - 14: syntax error in expression (error token is ": - 14")
error in runCycle for line 2119. skipping.
./calcSMAPE: line 109: error: - 13: syntax error in expression (error token is ": - 13")
error in runCycle for line 2120. skipping.
./calcSMAPE: line 109: error: - 33: syntax error in expression (error token is ": - 33")
error in runCycle for line 2150. skipping.
./calcSMAPE: line 109: error: - 46: syntax error in expression (error token is ": - 46")
error in runCycle for line 2151. skipping.
./calcSMAPE: line 109: error: - 46: syntax error in expression (error token is ": - 46")
error in runCycle for line 2152. skipping.
./calcSMAPE: line 109: error: - 44: syntax error in expression (error token is ": - 44")
error in runCycle for line 2153. skipping.
./calcSMAPE: line 109: error: - 44: syntax error in expression (error token is ": - 44")
error in runCycle for line 2154. skipping.
./calcSMAPE: line 109: error: - 47: syntax error in expression (error token is ": - 47")
error in runCycle for line 2155. skipping.
./calcSMAPE: line 109: error: - 49: syntax error in expression (error token is ": - 49")
error in runCycle for line 2156. skipping.
./calcSMAPE: line 109: error: - 49: syntax error in expression (error token is ": - 49")
error in runCycle for line 2157. skipping.
./calcSMAPE: line 109: error: - 68: syntax error in expression (error token is ": - 68")
error in runCycle for line 2158. skipping.
./calcSMAPE: line 109: error: - 71: syntax error in expression (error token is ": - 71")
error in runCycle for line 2159. skipping.
./calcSMAPE: line 109: error: - 64: syntax error in expression (error token is ": - 64")
error in runCycle for line 2210. skipping.
./calcSMAPE: line 109: error: - 71: syntax error in expression (error token is ": - 71")
error in runCycle for line 2211. skipping.
./calcSMAPE: line 109: error: - 71: syntax error in expression (error token is ": - 71")
error in runCycle for line 2212. skipping.
./calcSMAPE: line 109: error: - 64: syntax error in expression (error token is ": - 64")
error in runCycle for line 2213. skipping.
./calcSMAPE: line 109: error: - 67: syntax error in expression (error token is ": - 67")
error in runCycle for line 2214. skipping.
./calcSMAPE: line 109: error: - 74: syntax error in expression (error token is ": - 74")
error in runCycle for line 2215. skipping.
./calcSMAPE: line 109: error: - 68: syntax error in expression (error token is ": - 68")
error in runCycle for line 2216. skipping.
./calcSMAPE: line 109: error: - 67: syntax error in expression (error token is ": - 67")
error in runCycle for line 2217. skipping.
./calcSMAPE: line 109: error: - 66: syntax error in expression (error token is ": - 66")
error in runCycle for line 2218. skipping.
./calcSMAPE: line 109: error: - 64: syntax error in expression (error token is ": - 64")
error in runCycle for line 2219. skipping.
./calcSMAPE: line 109: error: - 77: syntax error in expression (error token is ": - 77")
error in runCycle for line 2230. skipping.
./calcSMAPE: line 109: error: - 84: syntax error in expression (error token is ": - 84")
error in runCycle for line 2231. skipping.
./calcSMAPE: line 109: error: - 79: syntax error in expression (error token is ": - 79")
error in runCycle for line 2232. skipping.
./calcSMAPE: line 109: error: - 75: syntax error in expression (error token is ": - 75")
error in runCycle for line 2233. skipping.
./calcSMAPE: line 109: error: - 71: syntax error in expression (error token is ": - 71")
error in runCycle for line 2234. skipping.
./calcSMAPE: line 109: error: - 68: syntax error in expression (error token is ": - 68")
error in runCycle for line 2235. skipping.
./calcSMAPE: line 109: error: - 73: syntax error in expression (error token is ": - 73")
error in runCycle for line 2236. skipping.
./calcSMAPE: line 109: error: - 73: syntax error in expression (error token is ": - 73")
error in runCycle for line 2237. skipping.
./calcSMAPE: line 109: error: - 79: syntax error in expression (error token is ": - 79")
error in runCycle for line 2238. skipping.
./calcSMAPE: line 109: error: - 72: syntax error in expression (error token is ": - 72")
error in runCycle for line 2239. skipping.
./calcSMAPE: line 109: error: - 28: syntax error in expression (error token is ": - 28")
error in runCycle for line 2250. skipping.
./calcSMAPE: line 109: error: - 26: syntax error in expression (error token is ": - 26")
error in runCycle for line 2251. skipping.
./calcSMAPE: line 109: error: - 23: syntax error in expression (error token is ": - 23")
error in runCycle for line 2252. skipping.
./calcSMAPE: line 109: error: - 23: syntax error in expression (error token is ": - 23")
error in runCycle for line 2253. skipping.
./calcSMAPE: line 109: error: - 20: syntax error in expression (error token is ": - 20")
error in runCycle for line 2254. skipping.
./calcSMAPE: line 109: error: - 24: syntax error in expression (error token is ": - 24")
error in runCycle for line 2255. skipping.
./calcSMAPE: line 109: error: - 19: syntax error in expression (error token is ": - 19")
error in runCycle for line 2256. skipping.
./calcSMAPE: line 109: error: - 18: syntax error in expression (error token is ": - 18")
error in runCycle for line 2257. skipping.
./calcSMAPE: line 109: error: - 19: syntax error in expression (error token is ": - 19")
error in runCycle for line 2258. skipping.
./calcSMAPE: line 109: error: - 18: syntax error in expression (error token is ": - 18")
error in runCycle for line 2259. skipping.
./calcSMAPE: line 109: error: - 60: syntax error in expression (error token is ": - 60")
error in runCycle for line 2300. skipping.
./calcSMAPE: line 109: error: - 80: syntax error in expression (error token is ": - 80")
error in runCycle for line 2301. skipping.
./calcSMAPE: line 109: error: - 74: syntax error in expression (error token is ": - 74")
error in runCycle for line 2302. skipping.
./calcSMAPE: line 109: error: - 64: syntax error in expression (error token is ": - 64")
error in runCycle for line 2303. skipping.
./calcSMAPE: line 109: error: - 59: syntax error in expression (error token is ": - 59")
error in runCycle for line 2304. skipping.
./calcSMAPE: line 109: error: - 67: syntax error in expression (error token is ": - 67")
error in runCycle for line 2305. skipping.
./calcSMAPE: line 109: error: - 71: syntax error in expression (error token is ": - 71")
error in runCycle for line 2306. skipping.
./calcSMAPE: line 109: error: - 69: syntax error in expression (error token is ": - 69")
error in runCycle for line 2307. skipping.
./calcSMAPE: line 109: error: - 71: syntax error in expression (error token is ": - 71")
error in runCycle for line 2308. skipping.
./calcSMAPE: line 109: error: - 65: syntax error in expression (error token is ": - 65")
error in runCycle for line 2309. skipping.
./calcSMAPE: line 109: error: - 60: syntax error in expression (error token is ": - 60")
error in runCycle for line 2361. skipping.
./calcSMAPE: line 109: error: - 63: syntax error in expression (error token is ": - 63")
error in runCycle for line 2362. skipping.
./calcSMAPE: line 109: error: - 67: syntax error in expression (error token is ": - 67")
error in runCycle for line 2363. skipping.
./calcSMAPE: line 109: error: - 69: syntax error in expression (error token is ": - 69")
error in runCycle for line 2364. skipping.
./calcSMAPE: line 109: error: - 70: syntax error in expression (error token is ": - 70")
error in runCycle for line 2365. skipping.
./calcSMAPE: line 109: error: - 79: syntax error in expression (error token is ": - 79")
error in runCycle for line 2366. skipping.
./calcSMAPE: line 109: error: - 68: syntax error in expression (error token is ": - 68")
error in runCycle for line 2367. skipping.
./calcSMAPE: line 109: error: - 65: syntax error in expression (error token is ": - 65")
error in runCycle for line 2368. skipping.
./calcSMAPE: line 109: error: - 68: syntax error in expression (error token is ": - 68")
error in runCycle for line 2369. skipping.
./calcSMAPE: line 109: error: - 23: syntax error in expression (error token is ": - 23")
error in runCycle for line 2400. skipping.
./calcSMAPE: line 109: error: - 24: syntax error in expression (error token is ": - 24")
error in runCycle for line 2401. skipping.
./calcSMAPE: line 109: error: - 27: syntax error in expression (error token is ": - 27")
error in runCycle for line 2402. skipping.
./calcSMAPE: line 109: error: - 26: syntax error in expression (error token is ": - 26")
error in runCycle for line 2403. skipping.
./calcSMAPE: line 109: error: - 24: syntax error in expression (error token is ": - 24")
error in runCycle for line 2404. skipping.
./calcSMAPE: line 109: error: - 28: syntax error in expression (error token is ": - 28")
error in runCycle for line 2405. skipping.
./calcSMAPE: line 109: error: - 26: syntax error in expression (error token is ": - 26")
error in runCycle for line 2406. skipping.
./calcSMAPE: line 109: error: - 25: syntax error in expression (error token is ": - 25")
error in runCycle for line 2407. skipping.
./calcSMAPE: line 109: error: - 23: syntax error in expression (error token is ": - 23")
error in runCycle for line 2408. skipping.
./calcSMAPE: line 109: error: - 22: syntax error in expression (error token is ": - 22")
error in runCycle for line 2409. skipping.
./calcSMAPE: line 109: error: - 52: syntax error in expression (error token is ": - 52")
error in runCycle for line 2440. skipping.
./calcSMAPE: line 109: error: - 54: syntax error in expression (error token is ": - 54")
error in runCycle for line 2441. skipping.
./calcSMAPE: line 109: error: - 55: syntax error in expression (error token is ": - 55")
error in runCycle for line 2442. skipping.
./calcSMAPE: line 109: error: - 49: syntax error in expression (error token is ": - 49")
error in runCycle for line 2443. skipping.
./calcSMAPE: line 109: error: - 48: syntax error in expression (error token is ": - 48")
error in runCycle for line 2444. skipping.
./calcSMAPE: line 109: error: - 60: syntax error in expression (error token is ": - 60")
error in runCycle for line 2445. skipping.
./calcSMAPE: line 109: error: - 68: syntax error in expression (error token is ": - 68")
error in runCycle for line 2446. skipping.
./calcSMAPE: line 109: error: - 68: syntax error in expression (error token is ": - 68")
error in runCycle for line 2447. skipping.
./calcSMAPE: line 109: error: - 70: syntax error in expression (error token is ": - 70")
error in runCycle for line 2448. skipping.
./calcSMAPE: line 109: error: - 69: syntax error in expression (error token is ": - 69")
error in runCycle for line 2449. skipping.
./calcSMAPE: line 109: error: - 55: syntax error in expression (error token is ": - 55")
error in runCycle for line 2490. skipping.
./calcSMAPE: line 109: error: - 56: syntax error in expression (error token is ": - 56")
error in runCycle for line 2491. skipping.
./calcSMAPE: line 109: error: - 58: syntax error in expression (error token is ": - 58")
error in runCycle for line 2492. skipping.
./calcSMAPE: line 109: error: - 57: syntax error in expression (error token is ": - 57")
error in runCycle for line 2493. skipping.
./calcSMAPE: line 109: error: - 67: syntax error in expression (error token is ": - 67")
error in runCycle for line 2494. skipping.
./calcSMAPE: line 109: error: - 68: syntax error in expression (error token is ": - 68")
error in runCycle for line 2495. skipping.
./calcSMAPE: line 109: error: - 62: syntax error in expression (error token is ": - 62")
error in runCycle for line 2496. skipping.
./calcSMAPE: line 109: error: - 61: syntax error in expression (error token is ": - 61")
error in runCycle for line 2497. skipping.
./calcSMAPE: line 109: error: - 57: syntax error in expression (error token is ": - 57")
error in runCycle for line 2498. skipping.
./calcSMAPE: line 109: error: - 69: syntax error in expression (error token is ": - 69")
error in runCycle for line 2499. skipping.
./calcSMAPE: line 109: error: - 69: syntax error in expression (error token is ": - 69")
error in runCycle for line 2510. skipping.
./calcSMAPE: line 109: error: - 65: syntax error in expression (error token is ": - 65")
error in runCycle for line 2511. skipping.
./calcSMAPE: line 109: error: - 69: syntax error in expression (error token is ": - 69")
error in runCycle for line 2512. skipping.
./calcSMAPE: line 109: error: - 63: syntax error in expression (error token is ": - 63")
error in runCycle for line 2513. skipping.
./calcSMAPE: line 109: error: - 59: syntax error in expression (error token is ": - 59")
error in runCycle for line 2514. skipping.
./calcSMAPE: line 109: error: - 53: syntax error in expression (error token is ": - 53")
error in runCycle for line 2515. skipping.
./calcSMAPE: line 109: error: - 57: syntax error in expression (error token is ": - 57")
error in runCycle for line 2516. skipping.
./calcSMAPE: line 109: error: - 59: syntax error in expression (error token is ": - 59")
error in runCycle for line 2517. skipping.
./calcSMAPE: line 109: error: - 57: syntax error in expression (error token is ": - 57")
error in runCycle for line 2518. skipping.
./calcSMAPE: line 109: error: - 59: syntax error in expression (error token is ": - 59")
error in runCycle for line 2519. skipping.
./calcSMAPE: line 109: error: - 30: syntax error in expression (error token is ": - 30")
error in runCycle for line 2540. skipping.
./calcSMAPE: line 109: error: - 27: syntax error in expression (error token is ": - 27")
error in runCycle for line 2541. skipping.
./calcSMAPE: line 109: error: - 26: syntax error in expression (error token is ": - 26")
error in runCycle for line 2542. skipping.
./calcSMAPE: line 109: error: - 25: syntax error in expression (error token is ": - 25")
error in runCycle for line 2543. skipping.
./calcSMAPE: line 109: error: - 25: syntax error in expression (error token is ": - 25")
error in runCycle for line 2544. skipping.
./calcSMAPE: line 109: error: - 22: syntax error in expression (error token is ": - 22")
error in runCycle for line 2545. skipping.
./calcSMAPE: line 109: error: - 22: syntax error in expression (error token is ": - 22")
error in runCycle for line 2546. skipping.
./calcSMAPE: line 109: error: - 26: syntax error in expression (error token is ": - 26")
error in runCycle for line 2547. skipping.
./calcSMAPE: line 109: error: - 34: syntax error in expression (error token is ": - 34")
error in runCycle for line 2548. skipping.
./calcSMAPE: line 109: error: - 24: syntax error in expression (error token is ": - 24")
error in runCycle for line 2549. skipping.
./calcSMAPE: line 109: error: - 62: syntax error in expression (error token is ": - 62")
error in runCycle for line 2590. skipping.
./calcSMAPE: line 109: error: - 61: syntax error in expression (error token is ": - 61")
error in runCycle for line 2591. skipping.
./calcSMAPE: line 109: error: - 64: syntax error in expression (error token is ": - 64")
error in runCycle for line 2592. skipping.
./calcSMAPE: line 109: error: - 60: syntax error in expression (error token is ": - 60")
error in runCycle for line 2593. skipping.
./calcSMAPE: line 109: error: - 61: syntax error in expression (error token is ": - 61")
error in runCycle for line 2594. skipping.
./calcSMAPE: line 109: error: - 67: syntax error in expression (error token is ": - 67")
error in runCycle for line 2595. skipping.
./calcSMAPE: line 109: error: - 58: syntax error in expression (error token is ": - 58")
error in runCycle for line 2596. skipping.
./calcSMAPE: line 109: error: - 51: syntax error in expression (error token is ": - 51")
error in runCycle for line 2597. skipping.
./calcSMAPE: line 109: error: - 58: syntax error in expression (error token is ": - 58")
error in runCycle for line 2598. skipping.
./calcSMAPE: line 109: error: - 65: syntax error in expression (error token is ": - 65")
error in runCycle for line 2599. skipping.
./calcSMAPE: line 109: error: - 47: syntax error in expression (error token is ": - 47")
error in runCycle for line 2630. skipping.
./calcSMAPE: line 109: error: - 53: syntax error in expression (error token is ": - 53")
error in runCycle for line 2631. skipping.
./calcSMAPE: line 109: error: - 51: syntax error in expression (error token is ": - 51")
error in runCycle for line 2632. skipping.
./calcSMAPE: line 109: error: - 52: syntax error in expression (error token is ": - 52")
error in runCycle for line 2633. skipping.
./calcSMAPE: line 109: error: - 49: syntax error in expression (error token is ": - 49")
error in runCycle for line 2634. skipping.
./calcSMAPE: line 109: error: - 51: syntax error in expression (error token is ": - 51")
error in runCycle for line 2635. skipping.
./calcSMAPE: line 109: error: - 50: syntax error in expression (error token is ": - 50")
error in runCycle for line 2636. skipping.
./calcSMAPE: line 109: error: - 43: syntax error in expression (error token is ": - 43")
error in runCycle for line 2637. skipping.
./calcSMAPE: line 109: error: - 43: syntax error in expression (error token is ": - 43")
error in runCycle for line 2638. skipping.
./calcSMAPE: line 109: error: - 44: syntax error in expression (error token is ": - 44")
error in runCycle for line 2639. skipping.
./calcSMAPE: line 109: error: - 35: syntax error in expression (error token is ": - 35")
error in runCycle for line 2680. skipping.
./calcSMAPE: line 109: error: - 35: syntax error in expression (error token is ": - 35")
error in runCycle for line 2681. skipping.
./calcSMAPE: line 109: error: - 30: syntax error in expression (error token is ": - 30")
error in runCycle for line 2682. skipping.
./calcSMAPE: line 109: error: - 25: syntax error in expression (error token is ": - 25")
error in runCycle for line 2683. skipping.
./calcSMAPE: line 109: error: - 25: syntax error in expression (error token is ": - 25")
error in runCycle for line 2684. skipping.
./calcSMAPE: line 109: error: - 26: syntax error in expression (error token is ": - 26")
error in runCycle for line 2685. skipping.
./calcSMAPE: line 109: error: - 23: syntax error in expression (error token is ": - 23")
error in runCycle for line 2686. skipping.
./calcSMAPE: line 109: error: - 21: syntax error in expression (error token is ": - 21")
error in runCycle for line 2687. skipping.
./calcSMAPE: line 109: error: - 18: syntax error in expression (error token is ": - 18")
error in runCycle for line 2688. skipping.
./calcSMAPE: line 109: error: - 16: syntax error in expression (error token is ": - 16")
error in runCycle for line 2689. skipping.
./calcSMAPE: line 109: error: - 24: syntax error in expression (error token is ": - 24")
error in runCycle for line 2730. skipping.
./calcSMAPE: line 109: error: - 25: syntax error in expression (error token is ": - 25")
error in runCycle for line 2731. skipping.
./calcSMAPE: line 109: error: - 23: syntax error in expression (error token is ": - 23")
error in runCycle for line 2732. skipping.
./calcSMAPE: line 109: error: - 29: syntax error in expression (error token is ": - 29")
error in runCycle for line 2733. skipping.
./calcSMAPE: line 109: error: - 28: syntax error in expression (error token is ": - 28")
error in runCycle for line 2734. skipping.
./calcSMAPE: line 109: error: - 27: syntax error in expression (error token is ": - 27")
error in runCycle for line 2735. skipping.
./calcSMAPE: line 109: error: - 26: syntax error in expression (error token is ": - 26")
error in runCycle for line 2736. skipping.
./calcSMAPE: line 109: error: - 26: syntax error in expression (error token is ": - 26")
error in runCycle for line 2737. skipping.
./calcSMAPE: line 109: error: - 28: syntax error in expression (error token is ": - 28")
error in runCycle for line 2738. skipping.
./calcSMAPE: line 109: error: - 29: syntax error in expression (error token is ": - 29")
error in runCycle for line 2739. skipping.
./calcSMAPE: line 109: error: - 41: syntax error in expression (error token is ": - 41")
error in runCycle for line 2760. skipping.
./calcSMAPE: line 109: error: - 38: syntax error in expression (error token is ": - 38")
error in runCycle for line 2761. skipping.
./calcSMAPE: line 109: error: - 34: syntax error in expression (error token is ": - 34")
error in runCycle for line 2762. skipping.
./calcSMAPE: line 109: error: - 35: syntax error in expression (error token is ": - 35")
error in runCycle for line 2763. skipping.
./calcSMAPE: line 109: error: - 37: syntax error in expression (error token is ": - 37")
error in runCycle for line 2764. skipping.
./calcSMAPE: line 109: error: - 35: syntax error in expression (error token is ": - 35")
error in runCycle for line 2765. skipping.
./calcSMAPE: line 109: error: - 37: syntax error in expression (error token is ": - 37")
error in runCycle for line 2766. skipping.
./calcSMAPE: line 109: error: - 43: syntax error in expression (error token is ": - 43")
error in runCycle for line 2767. skipping.
./calcSMAPE: line 109: error: - 36: syntax error in expression (error token is ": - 36")
error in runCycle for line 2768. skipping.
./calcSMAPE: line 109: error: - 38: syntax error in expression (error token is ": - 38")
error in runCycle for line 2769. skipping.
./calcSMAPE: line 109: error: - 43: syntax error in expression (error token is ": - 43")
error in runCycle for line 2810. skipping.
./calcSMAPE: line 109: error: - 43: syntax error in expression (error token is ": - 43")
error in runCycle for line 2811. skipping.
./calcSMAPE: line 109: error: - 44: syntax error in expression (error token is ": - 44")
error in runCycle for line 2812. skipping.
./calcSMAPE: line 109: error: - 49: syntax error in expression (error token is ": - 49")
error in runCycle for line 2813. skipping.
./calcSMAPE: line 109: error: - 48: syntax error in expression (error token is ": - 48")
error in runCycle for line 2814. skipping.
./calcSMAPE: line 109: error: - 52: syntax error in expression (error token is ": - 52")
error in runCycle for line 2815. skipping.
./calcSMAPE: line 109: error: - 45: syntax error in expression (error token is ": - 45")
error in runCycle for line 2816. skipping.
./calcSMAPE: line 109: error: - 50: syntax error in expression (error token is ": - 50")
error in runCycle for line 2817. skipping.
./calcSMAPE: line 109: error: - 39: syntax error in expression (error token is ": - 39")
error in runCycle for line 2818. skipping.
./calcSMAPE: line 109: error: - 37: syntax error in expression (error token is ": - 37")
error in runCycle for line 2819. skipping.
./calcSMAPE: line 109: error: - 24: syntax error in expression (error token is ": - 24")
error in runCycle for line 2830. skipping.
./calcSMAPE: line 109: error: - 22: syntax error in expression (error token is ": - 22")
error in runCycle for line 2831. skipping.
./calcSMAPE: line 109: error: - 21: syntax error in expression (error token is ": - 21")
error in runCycle for line 2832. skipping.
./calcSMAPE: line 109: error: - 20: syntax error in expression (error token is ": - 20")
error in runCycle for line 2833. skipping.
./calcSMAPE: line 109: error: - 20: syntax error in expression (error token is ": - 20")
error in runCycle for line 2834. skipping.
./calcSMAPE: line 109: error: - 19: syntax error in expression (error token is ": - 19")
error in runCycle for line 2835. skipping.
./calcSMAPE: line 109: error: - 17: syntax error in expression (error token is ": - 17")
error in runCycle for line 2836. skipping.
./calcSMAPE: line 109: error: - 15: syntax error in expression (error token is ": - 15")
error in runCycle for line 2837. skipping.
./calcSMAPE: line 109: error: - 15: syntax error in expression (error token is ": - 15")
error in runCycle for line 2838. skipping.
./calcSMAPE: line 109: error: - 16: syntax error in expression (error token is ": - 16")
error in runCycle for line 2839. skipping.
./calcSMAPE: line 109: error: - 21: syntax error in expression (error token is ": - 21")
error in runCycle for line 2880. skipping.
./calcSMAPE: line 109: error: - 25: syntax error in expression (error token is ": - 25")
error in runCycle for line 2881. skipping.
./calcSMAPE: line 109: error: - 27: syntax error in expression (error token is ": - 27")
error in runCycle for line 2882. skipping.
./calcSMAPE: line 109: error: - 28: syntax error in expression (error token is ": - 28")
error in runCycle for line 2883. skipping.
./calcSMAPE: line 109: error: - 34: syntax error in expression (error token is ": - 34")
error in runCycle for line 2884. skipping.
./calcSMAPE: line 109: error: - 37: syntax error in expression (error token is ": - 37")
error in runCycle for line 2885. skipping.
./calcSMAPE: line 109: error: - 38: syntax error in expression (error token is ": - 38")
error in runCycle for line 2886. skipping.
./calcSMAPE: line 109: error: - 40: syntax error in expression (error token is ": - 40")
error in runCycle for line 2887. skipping.
./calcSMAPE: line 109: error: - 43: syntax error in expression (error token is ": - 43")
error in runCycle for line 2888. skipping.
./calcSMAPE: line 109: error: - 49: syntax error in expression (error token is ": - 49")
error in runCycle for line 2889. skipping.
./calcSMAPE: line 109: error: - 64: syntax error in expression (error token is ": - 64")
error in runCycle for line 2930. skipping.
./calcSMAPE: line 109: error: - 64: syntax error in expression (error token is ": - 64")
error in runCycle for line 2931. skipping.
./calcSMAPE: line 109: error: - 60: syntax error in expression (error token is ": - 60")
error in runCycle for line 2932. skipping.
./calcSMAPE: line 109: error: - 61: syntax error in expression (error token is ": - 61")
error in runCycle for line 2933. skipping.
./calcSMAPE: line 109: error: - 52: syntax error in expression (error token is ": - 52")
error in runCycle for line 2934. skipping.
./calcSMAPE: line 109: error: - 57: syntax error in expression (error token is ": - 57")
error in runCycle for line 2935. skipping.
./calcSMAPE: line 109: error: - 64: syntax error in expression (error token is ": - 64")
error in runCycle for line 2936. skipping.
./calcSMAPE: line 109: error: - 64: syntax error in expression (error token is ": - 64")
error in runCycle for line 2937. skipping.
./calcSMAPE: line 109: error: - 58: syntax error in expression (error token is ": - 58")
error in runCycle for line 2938. skipping.
./calcSMAPE: line 109: error: - 60: syntax error in expression (error token is ": - 60")
error in runCycle for line 2939. skipping.
./calcSMAPE: line 109: error: - 29: syntax error in expression (error token is ": - 29")
error in runCycle for line 2970. skipping.
./calcSMAPE: line 109: error: - 21: syntax error in expression (error token is ": - 21")
error in runCycle for line 2971. skipping.
./calcSMAPE: line 109: error: - 21: syntax error in expression (error token is ": - 21")
error in runCycle for line 2972. skipping.
./calcSMAPE: line 109: error: - 23: syntax error in expression (error token is ": - 23")
error in runCycle for line 2973. skipping.
./calcSMAPE: line 109: error: - 25: syntax error in expression (error token is ": - 25")
error in runCycle for line 2974. skipping.
./calcSMAPE: line 109: error: - 23: syntax error in expression (error token is ": - 23")
error in runCycle for line 2975. skipping.
./calcSMAPE: line 109: error: - 20: syntax error in expression (error token is ": - 20")
error in runCycle for line 2976. skipping.
./calcSMAPE: line 109: error: - 19: syntax error in expression (error token is ": - 19")
error in runCycle for line 2977. skipping.
./calcSMAPE: line 109: error: - 18: syntax error in expression (error token is ": - 18")
error in runCycle for line 2978. skipping.
./calcSMAPE: line 109: error: - 16: syntax error in expression (error token is ": - 16")
error in runCycle for line 2979. skipping.
./calcSMAPE: line 109: error: - 59: syntax error in expression (error token is ": - 59")
error in runCycle for line 3020. skipping.
./calcSMAPE: line 109: error: - 59: syntax error in expression (error token is ": - 59")
error in runCycle for line 3021. skipping.
./calcSMAPE: line 109: error: - 59: syntax error in expression (error token is ": - 59")
error in runCycle for line 3022. skipping.
./calcSMAPE: line 109: error: - 59: syntax error in expression (error token is ": - 59")
error in runCycle for line 3023. skipping.
./calcSMAPE: line 109: error: - 59: syntax error in expression (error token is ": - 59")
error in runCycle for line 3024. skipping.
